2023-07-31 11:32:15,456 [Worker-0] INFO  c.g.t.t.d.PublishedGradleVersions - Gradle version information cache is up-to-date. Trying to read.
2023-07-31 11:35:51,386 [Worker-18] INFO  o.e.m.c.i.l.LifecycleMappingFactory - Using org.eclipse.m2e.jdt.JarLifecycleMapping lifecycle mapping for MavenProject: devicethread-apis:devicethread-apis:0.0.1-SNAPSHOT @ D:\devicethread-automation\devicethread-apis\pom.xml.
2023-07-31 11:35:52,148 [Worker-18] INFO  o.e.m.j.i.AbstractJavaProjectConfigurator - Adding source folder /devicethread-apis/src/main/java
2023-07-31 11:35:52,149 [Worker-18] INFO  o.e.m.j.i.AbstractJavaProjectConfigurator - Adding resource folder /devicethread-apis/src/main/resources
2023-07-31 11:35:52,150 [Worker-18] INFO  o.e.m.j.i.AbstractJavaProjectConfigurator - Adding source folder /devicethread-apis/src/test/java
2023-07-31 11:35:52,151 [Worker-18] INFO  o.e.m.j.i.AbstractJavaProjectConfigurator - Adding resource folder /devicethread-apis/src/test/resources
2023-07-31 11:35:53,078 [Worker-19] WARN  o.e.m.c.i.embedder.EclipseLogger - Using platform encoding (Cp1252 actually) to copy filtered resources, i.e. build is platform dependent!
2023-07-31 11:35:53,081 [Worker-19] INFO  o.e.m.c.i.embedder.EclipseLogger - Copying 0 resource
2023-07-31 11:35:53,083 [Worker-19] WARN  o.e.m.c.i.embedder.EclipseLogger - Using platform encoding (Cp1252 actually) to copy filtered resources, i.e. build is platform dependent!
2023-07-31 11:35:53,083 [Worker-19] INFO  o.e.m.c.i.embedder.EclipseLogger - Copying 0 resource
2023-07-31 11:36:12,745 [Worker-19] INFO  o.e.m.c.i.l.LifecycleMappingFactory - Using org.eclipse.m2e.jdt.JarLifecycleMapping lifecycle mapping for MavenProject: devicethread-apis:devicethread-apis:0.0.1-SNAPSHOT @ D:\devicethread-automation\devicethread-apis\pom.xml.
2023-07-31 11:36:13,303 [Worker-19] WARN  o.e.m.c.i.embedder.EclipseLogger - Using platform encoding (Cp1252 actually) to copy filtered resources, i.e. build is platform dependent!
2023-07-31 11:36:13,305 [Worker-19] INFO  o.e.m.c.i.embedder.EclipseLogger - Copying 0 resource
2023-07-31 11:36:13,307 [Worker-19] WARN  o.e.m.c.i.embedder.EclipseLogger - Using platform encoding (Cp1252 actually) to copy filtered resources, i.e. build is platform dependent!
2023-07-31 11:36:13,308 [Worker-19] INFO  o.e.m.c.i.embedder.EclipseLogger - Copying 0 resource
2023-07-31 11:36:14,600 [Worker-18] WARN  o.e.m.c.i.embedder.EclipseLogger - Using platform encoding (Cp1252 actually) to copy filtered resources, i.e. build is platform dependent!
2023-07-31 11:36:14,602 [Worker-18] INFO  o.e.m.c.i.embedder.EclipseLogger - Copying 0 resource
2023-07-31 11:36:14,603 [Worker-18] WARN  o.e.m.c.i.embedder.EclipseLogger - Using platform encoding (Cp1252 actually) to copy filtered resources, i.e. build is platform dependent!
2023-07-31 11:36:14,604 [Worker-18] INFO  o.e.m.c.i.embedder.EclipseLogger - Copying 0 resource
2023-07-31 11:36:39,830 [Worker-19] WARN  o.e.m.c.i.embedder.EclipseLogger - Using platform encoding (Cp1252 actually) to copy filtered resources, i.e. build is platform dependent!
2023-07-31 11:36:39,831 [Worker-19] INFO  o.e.m.c.i.embedder.EclipseLogger - Copying 0 resource
2023-07-31 11:36:39,832 [Worker-19] WARN  o.e.m.c.i.embedder.EclipseLogger - Using platform encoding (Cp1252 actually) to copy filtered resources, i.e. build is platform dependent!
2023-07-31 11:36:39,833 [Worker-19] INFO  o.e.m.c.i.embedder.EclipseLogger - Copying 0 resource
2023-07-31 11:36:40,969 [Worker-16] WARN  o.e.m.c.i.embedder.EclipseLogger - Using platform encoding (Cp1252 actually) to copy filtered resources, i.e. build is platform dependent!
2023-07-31 11:36:40,970 [Worker-16] INFO  o.e.m.c.i.embedder.EclipseLogger - Copying 0 resource
2023-07-31 11:36:40,971 [Worker-16] WARN  o.e.m.c.i.embedder.EclipseLogger - Using platform encoding (Cp1252 actually) to copy filtered resources, i.e. build is platform dependent!
2023-07-31 11:36:40,972 [Worker-16] INFO  o.e.m.c.i.embedder.EclipseLogger - Copying 0 resource
2023-07-31 11:36:48,979 [Worker-20] WARN  o.e.m.c.i.embedder.EclipseLogger - Using platform encoding (Cp1252 actually) to copy filtered resources, i.e. build is platform dependent!
2023-07-31 11:36:49,004 [Worker-20] INFO  o.e.m.c.i.embedder.EclipseLogger - Copying 0 resource
2023-07-31 11:36:49,004 [Worker-20] WARN  o.e.m.c.i.embedder.EclipseLogger - Using platform encoding (Cp1252 actually) to copy filtered resources, i.e. build is platform dependent!
2023-07-31 11:36:49,006 [Worker-20] INFO  o.e.m.c.i.embedder.EclipseLogger - Copying 0 resource
2023-07-31 11:36:55,307 [Worker-21] WARN  o.e.m.c.i.embedder.EclipseLogger - Using platform encoding (Cp1252 actually) to copy filtered resources, i.e. build is platform dependent!
2023-07-31 11:36:55,308 [Worker-21] INFO  o.e.m.c.i.embedder.EclipseLogger - Copying 0 resource
2023-07-31 11:36:55,309 [Worker-21] WARN  o.e.m.c.i.embedder.EclipseLogger - Using platform encoding (Cp1252 actually) to copy filtered resources, i.e. build is platform dependent!
2023-07-31 11:36:55,311 [Worker-21] INFO  o.e.m.c.i.embedder.EclipseLogger - Copying 0 resource
2023-07-31 11:37:36,273 [Worker-16] INFO  o.e.m.c.i.l.LifecycleMappingFactory - Using org.eclipse.m2e.jdt.JarLifecycleMapping lifecycle mapping for MavenProject: devicethread-apis:devicethread-apis:0.0.1-SNAPSHOT @ D:\devicethread-automation\devicethread-apis\pom.xml.
2023-07-31 11:37:36,513 [Worker-16] WARN  o.e.m.c.i.embedder.EclipseLogger - Using platform encoding (Cp1252 actually) to copy filtered resources, i.e. build is platform dependent!
2023-07-31 11:37:36,515 [Worker-16] INFO  o.e.m.c.i.embedder.EclipseLogger - Copying 0 resource
2023-07-31 11:37:36,516 [Worker-16] WARN  o.e.m.c.i.embedder.EclipseLogger - Using platform encoding (Cp1252 actually) to copy filtered resources, i.e. build is platform dependent!
2023-07-31 11:37:36,516 [Worker-16] INFO  o.e.m.c.i.embedder.EclipseLogger - Copying 0 resource
2023-07-31 11:37:37,975 [Worker-19] WARN  o.e.m.c.i.embedder.EclipseLogger - Using platform encoding (Cp1252 actually) to copy filtered resources, i.e. build is platform dependent!
2023-07-31 11:37:37,976 [Worker-19] INFO  o.e.m.c.i.embedder.EclipseLogger - Copying 0 resource
2023-07-31 11:37:37,976 [Worker-19] WARN  o.e.m.c.i.embedder.EclipseLogger - Using platform encoding (Cp1252 actually) to copy filtered resources, i.e. build is platform dependent!
2023-07-31 11:37:37,977 [Worker-19] INFO  o.e.m.c.i.embedder.EclipseLogger - Copying 0 resource
2023-07-31 11:37:46,457 [Worker-21] INFO  o.e.m.c.i.p.ProjectConfigurationManager - Update started
2023-07-31 11:37:46,773 [Worker-21] INFO  o.e.m.c.i.l.LifecycleMappingFactory - Using org.eclipse.m2e.jdt.JarLifecycleMapping lifecycle mapping for MavenProject: devicethread-apis:devicethread-apis:0.0.1-SNAPSHOT @ D:\devicethread-automation\devicethread-apis\pom.xml.
2023-07-31 11:37:46,974 [Worker-21] INFO  o.e.m.j.i.AbstractJavaProjectConfigurator - Adding source folder /devicethread-apis/src/main/java
2023-07-31 11:37:46,974 [Worker-21] INFO  o.e.m.j.i.AbstractJavaProjectConfigurator - Adding resource folder /devicethread-apis/src/main/resources
2023-07-31 11:37:46,975 [Worker-21] INFO  o.e.m.j.i.AbstractJavaProjectConfigurator - Adding source folder /devicethread-apis/src/test/java
2023-07-31 11:37:46,975 [Worker-21] INFO  o.e.m.j.i.AbstractJavaProjectConfigurator - Adding resource folder /devicethread-apis/src/test/resources
2023-07-31 11:37:47,079 [Worker-21] INFO  o.e.m.c.i.p.ProjectConfigurationManager - Update completed: 0 sec
2023-07-31 11:37:47,277 [Worker-18] WARN  o.e.m.c.i.embedder.EclipseLogger - Using platform encoding (Cp1252 actually) to copy filtered resources, i.e. build is platform dependent!
2023-07-31 11:37:47,278 [Worker-18] INFO  o.e.m.c.i.embedder.EclipseLogger - Copying 0 resource
2023-07-31 11:37:47,279 [Worker-18] WARN  o.e.m.c.i.embedder.EclipseLogger - Using platform encoding (Cp1252 actually) to copy filtered resources, i.e. build is platform dependent!
2023-07-31 11:37:47,280 [Worker-18] INFO  o.e.m.c.i.embedder.EclipseLogger - Copying 0 resource
2023-07-31 11:41:16,516 [Worker-22] WARN  o.e.m.c.i.embedder.EclipseLogger - Using platform encoding (Cp1252 actually) to copy filtered resources, i.e. build is platform dependent!
2023-07-31 11:41:16,518 [Worker-22] INFO  o.e.m.c.i.embedder.EclipseLogger - Copying 0 resource
2023-07-31 11:41:16,518 [Worker-22] WARN  o.e.m.c.i.embedder.EclipseLogger - Using platform encoding (Cp1252 actually) to copy filtered resources, i.e. build is platform dependent!
2023-07-31 11:41:16,519 [Worker-22] INFO  o.e.m.c.i.embedder.EclipseLogger - Copying 0 resource
2023-07-31 11:41:18,763 [Worker-21] WARN  o.e.m.c.i.embedder.EclipseLogger - Using platform encoding (Cp1252 actually) to copy filtered resources, i.e. build is platform dependent!
2023-07-31 11:41:18,764 [Worker-21] INFO  o.e.m.c.i.embedder.EclipseLogger - Copying 0 resource
2023-07-31 11:41:18,765 [Worker-21] WARN  o.e.m.c.i.embedder.EclipseLogger - Using platform encoding (Cp1252 actually) to copy filtered resources, i.e. build is platform dependent!
2023-07-31 11:41:18,765 [Worker-21] INFO  o.e.m.c.i.embedder.EclipseLogger - Copying 0 resource
2023-07-31 11:41:24,420 [Worker-22] WARN  o.e.m.c.i.embedder.EclipseLogger - Using platform encoding (Cp1252 actually) to copy filtered resources, i.e. build is platform dependent!
2023-07-31 11:41:24,421 [Worker-22] INFO  o.e.m.c.i.embedder.EclipseLogger - Copying 0 resource
2023-07-31 11:41:24,422 [Worker-22] WARN  o.e.m.c.i.embedder.EclipseLogger - Using platform encoding (Cp1252 actually) to copy filtered resources, i.e. build is platform dependent!
2023-07-31 11:41:24,423 [Worker-22] INFO  o.e.m.c.i.embedder.EclipseLogger - Copying 0 resource
2023-07-31 11:44:52,701 [Worker-21] INFO  o.e.m.c.i.l.LifecycleMappingFactory - Using org.eclipse.m2e.jdt.JarLifecycleMapping lifecycle mapping for MavenProject: devicethread-apis:devicethread-apis:0.0.1-SNAPSHOT @ D:\devicethread-automation\devicethread-apis\pom.xml.
2023-07-31 11:44:52,968 [Worker-21] INFO  o.e.m.c.i.e.AbstractTransferListenerAdapter - Downloading https://repo.maven.apache.org/maven2/com/aventstack/extentreports/5.0.9/extentreports-5.0.9.pom
2023-07-31 11:44:52,993 [Worker-21] INFO  o.e.m.c.i.e.AbstractTransferListenerAdapter - Downloaded https://repo.maven.apache.org/maven2/com/aventstack/extentreports/5.0.9/extentreports-5.0.9.pom
2023-07-31 11:44:53,043 [Worker-21] INFO  o.e.m.c.i.e.AbstractTransferListenerAdapter - Downloading https://repo.maven.apache.org/maven2/com/aventstack/extentreports/5.0.9/extentreports-5.0.9.jar
2023-07-31 11:44:53,121 [Worker-21] INFO  o.e.m.c.i.e.AbstractTransferListenerAdapter - Downloaded https://repo.maven.apache.org/maven2/com/aventstack/extentreports/5.0.9/extentreports-5.0.9.jar
2023-07-31 11:44:53,700 [Worker-21] WARN  o.e.m.c.i.embedder.EclipseLogger - Using platform encoding (Cp1252 actually) to copy filtered resources, i.e. build is platform dependent!
2023-07-31 11:44:53,702 [Worker-21] INFO  o.e.m.c.i.embedder.EclipseLogger - Copying 0 resource
2023-07-31 11:44:53,703 [Worker-21] WARN  o.e.m.c.i.embedder.EclipseLogger - Using platform encoding (Cp1252 actually) to copy filtered resources, i.e. build is platform dependent!
2023-07-31 11:44:53,704 [Worker-21] INFO  o.e.m.c.i.embedder.EclipseLogger - Copying 0 resource
2023-07-31 11:44:55,025 [Worker-25] WARN  o.e.m.c.i.embedder.EclipseLogger - Using platform encoding (Cp1252 actually) to copy filtered resources, i.e. build is platform dependent!
2023-07-31 11:44:55,026 [Worker-25] INFO  o.e.m.c.i.embedder.EclipseLogger - Copying 0 resource
2023-07-31 11:44:55,027 [Worker-25] WARN  o.e.m.c.i.embedder.EclipseLogger - Using platform encoding (Cp1252 actually) to copy filtered resources, i.e. build is platform dependent!
2023-07-31 11:44:55,027 [Worker-25] INFO  o.e.m.c.i.embedder.EclipseLogger - Copying 0 resource
2023-07-31 11:45:11,596 [Worker-24] WARN  o.e.m.c.i.embedder.EclipseLogger - Using platform encoding (Cp1252 actually) to copy filtered resources, i.e. build is platform dependent!
2023-07-31 11:45:11,598 [Worker-24] INFO  o.e.m.c.i.embedder.EclipseLogger - Copying 0 resource
2023-07-31 11:45:11,599 [Worker-24] WARN  o.e.m.c.i.embedder.EclipseLogger - Using platform encoding (Cp1252 actually) to copy filtered resources, i.e. build is platform dependent!
2023-07-31 11:45:11,600 [Worker-24] INFO  o.e.m.c.i.embedder.EclipseLogger - Copying 0 resource
2023-07-31 11:45:54,703 [Worker-17] WARN  o.e.m.c.i.embedder.EclipseLogger - Using platform encoding (Cp1252 actually) to copy filtered resources, i.e. build is platform dependent!
2023-07-31 11:45:54,704 [Worker-17] INFO  o.e.m.c.i.embedder.EclipseLogger - Copying 0 resource
2023-07-31 11:45:54,704 [Worker-17] WARN  o.e.m.c.i.embedder.EclipseLogger - Using platform encoding (Cp1252 actually) to copy filtered resources, i.e. build is platform dependent!
2023-07-31 11:45:54,705 [Worker-17] INFO  o.e.m.c.i.embedder.EclipseLogger - Copying 0 resource
2023-07-31 11:46:22,886 [Worker-21] WARN  o.e.m.c.i.embedder.EclipseLogger - Using platform encoding (Cp1252 actually) to copy filtered resources, i.e. build is platform dependent!
2023-07-31 11:46:22,886 [Worker-21] INFO  o.e.m.c.i.embedder.EclipseLogger - Copying 0 resource
2023-07-31 11:46:22,887 [Worker-21] WARN  o.e.m.c.i.embedder.EclipseLogger - Using platform encoding (Cp1252 actually) to copy filtered resources, i.e. build is platform dependent!
2023-07-31 11:46:22,888 [Worker-21] INFO  o.e.m.c.i.embedder.EclipseLogger - Copying 0 resource
2023-07-31 11:46:41,376 [Worker-24] WARN  o.e.m.c.i.embedder.EclipseLogger - Using platform encoding (Cp1252 actually) to copy filtered resources, i.e. build is platform dependent!
2023-07-31 11:46:41,377 [Worker-24] INFO  o.e.m.c.i.embedder.EclipseLogger - Copying 0 resource
2023-07-31 11:46:41,377 [Worker-24] WARN  o.e.m.c.i.embedder.EclipseLogger - Using platform encoding (Cp1252 actually) to copy filtered resources, i.e. build is platform dependent!
2023-07-31 11:46:41,378 [Worker-24] INFO  o.e.m.c.i.embedder.EclipseLogger - Copying 0 resource
2023-07-31 11:46:49,482 [Worker-26] WARN  o.e.m.c.i.embedder.EclipseLogger - Using platform encoding (Cp1252 actually) to copy filtered resources, i.e. build is platform dependent!
2023-07-31 11:46:49,483 [Worker-26] INFO  o.e.m.c.i.embedder.EclipseLogger - Copying 0 resource
2023-07-31 11:46:49,485 [Worker-26] WARN  o.e.m.c.i.embedder.EclipseLogger - Using platform encoding (Cp1252 actually) to copy filtered resources, i.e. build is platform dependent!
2023-07-31 11:46:49,487 [Worker-26] INFO  o.e.m.c.i.embedder.EclipseLogger - Copying 0 resource
2023-07-31 11:47:02,742 [Worker-17] INFO  o.e.m.c.i.p.ProjectConfigurationManager - Update started
2023-07-31 11:47:03,034 [Worker-17] INFO  o.e.m.c.i.l.LifecycleMappingFactory - Using org.eclipse.m2e.jdt.JarLifecycleMapping lifecycle mapping for MavenProject: devicethread-apis:devicethread-apis:0.0.1-SNAPSHOT @ D:\devicethread-automation\devicethread-apis\pom.xml.
2023-07-31 11:47:03,530 [Worker-17] INFO  o.e.m.j.i.AbstractJavaProjectConfigurator - Adding source folder /devicethread-apis/src/main/java
2023-07-31 11:47:03,531 [Worker-17] INFO  o.e.m.j.i.AbstractJavaProjectConfigurator - Adding resource folder /devicethread-apis/src/main/resources
2023-07-31 11:47:03,531 [Worker-17] INFO  o.e.m.j.i.AbstractJavaProjectConfigurator - Adding source folder /devicethread-apis/src/test/java
2023-07-31 11:47:03,531 [Worker-17] INFO  o.e.m.j.i.AbstractJavaProjectConfigurator - Adding resource folder /devicethread-apis/src/test/resources
2023-07-31 11:47:03,635 [Worker-17] INFO  o.e.m.c.i.p.ProjectConfigurationManager - Update completed: 0 sec
2023-07-31 11:47:03,948 [Worker-17] WARN  o.e.m.c.i.embedder.EclipseLogger - Using platform encoding (Cp1252 actually) to copy filtered resources, i.e. build is platform dependent!
2023-07-31 11:47:03,949 [Worker-17] INFO  o.e.m.c.i.embedder.EclipseLogger - Copying 0 resource
2023-07-31 11:47:03,950 [Worker-17] WARN  o.e.m.c.i.embedder.EclipseLogger - Using platform encoding (Cp1252 actually) to copy filtered resources, i.e. build is platform dependent!
2023-07-31 11:47:03,950 [Worker-17] INFO  o.e.m.c.i.embedder.EclipseLogger - Copying 0 resource
2023-07-31 11:48:49,370 [Worker-25] WARN  o.e.m.c.i.embedder.EclipseLogger - Using platform encoding (Cp1252 actually) to copy filtered resources, i.e. build is platform dependent!
2023-07-31 11:48:49,370 [Worker-25] INFO  o.e.m.c.i.embedder.EclipseLogger - Copying 0 resource
2023-07-31 11:48:49,370 [Worker-25] WARN  o.e.m.c.i.embedder.EclipseLogger - Using platform encoding (Cp1252 actually) to copy filtered resources, i.e. build is platform dependent!
2023-07-31 11:48:49,370 [Worker-25] INFO  o.e.m.c.i.embedder.EclipseLogger - Copying 0 resource
2023-07-31 11:51:14,963 [Worker-29] INFO  o.e.m.c.i.l.LifecycleMappingFactory - Using org.eclipse.m2e.jdt.JarLifecycleMapping lifecycle mapping for MavenProject: devicethread-apis:devicethread-apis:0.0.1-SNAPSHOT @ D:\devicethread-automation\devicethread-apis\pom.xml.
2023-07-31 11:51:15,163 [Worker-29] WARN  o.e.m.c.i.embedder.EclipseLogger - Using platform encoding (Cp1252 actually) to copy filtered resources, i.e. build is platform dependent!
2023-07-31 11:51:15,164 [Worker-29] INFO  o.e.m.c.i.embedder.EclipseLogger - Copying 0 resource
2023-07-31 11:51:15,165 [Worker-29] WARN  o.e.m.c.i.embedder.EclipseLogger - Using platform encoding (Cp1252 actually) to copy filtered resources, i.e. build is platform dependent!
2023-07-31 11:51:15,166 [Worker-29] INFO  o.e.m.c.i.embedder.EclipseLogger - Copying 0 resource
2023-07-31 11:51:27,492 [Worker-24] INFO  o.e.m.c.i.l.LifecycleMappingFactory - Using org.eclipse.m2e.jdt.JarLifecycleMapping lifecycle mapping for MavenProject: devicethread-apis:devicethread-apis:0.0.1-SNAPSHOT @ D:\devicethread-automation\devicethread-apis\pom.xml.
2023-07-31 11:51:27,749 [Worker-24] WARN  o.e.m.c.i.embedder.EclipseLogger - Using platform encoding (Cp1252 actually) to copy filtered resources, i.e. build is platform dependent!
2023-07-31 11:51:27,751 [Worker-24] INFO  o.e.m.c.i.embedder.EclipseLogger - Copying 0 resource
2023-07-31 11:51:27,752 [Worker-24] WARN  o.e.m.c.i.embedder.EclipseLogger - Using platform encoding (Cp1252 actually) to copy filtered resources, i.e. build is platform dependent!
2023-07-31 11:51:27,753 [Worker-24] INFO  o.e.m.c.i.embedder.EclipseLogger - Copying 0 resource
2023-07-31 11:51:33,963 [Worker-25] INFO  o.e.m.c.i.p.ProjectConfigurationManager - Update started
2023-07-31 11:51:34,187 [Worker-25] INFO  o.e.m.c.i.l.LifecycleMappingFactory - Using org.eclipse.m2e.jdt.JarLifecycleMapping lifecycle mapping for MavenProject: devicethread-apis:devicethread-apis:0.0.1-SNAPSHOT @ D:\devicethread-automation\devicethread-apis\pom.xml.
2023-07-31 11:51:34,406 [Worker-25] INFO  o.e.m.j.i.AbstractJavaProjectConfigurator - Adding source folder /devicethread-apis/src/main/java
2023-07-31 11:51:34,406 [Worker-25] INFO  o.e.m.j.i.AbstractJavaProjectConfigurator - Adding resource folder /devicethread-apis/src/main/resources
2023-07-31 11:51:34,406 [Worker-25] INFO  o.e.m.j.i.AbstractJavaProjectConfigurator - Adding source folder /devicethread-apis/src/test/java
2023-07-31 11:51:34,406 [Worker-25] INFO  o.e.m.j.i.AbstractJavaProjectConfigurator - Adding resource folder /devicethread-apis/src/test/resources
2023-07-31 11:51:34,526 [Worker-25] INFO  o.e.m.c.i.p.ProjectConfigurationManager - Update completed: 0 sec
2023-07-31 11:51:34,780 [Worker-24] WARN  o.e.m.c.i.embedder.EclipseLogger - Using platform encoding (Cp1252 actually) to copy filtered resources, i.e. build is platform dependent!
2023-07-31 11:51:34,781 [Worker-24] INFO  o.e.m.c.i.embedder.EclipseLogger - Copying 0 resource
2023-07-31 11:51:34,782 [Worker-24] WARN  o.e.m.c.i.embedder.EclipseLogger - Using platform encoding (Cp1252 actually) to copy filtered resources, i.e. build is platform dependent!
2023-07-31 11:51:34,782 [Worker-24] INFO  o.e.m.c.i.embedder.EclipseLogger - Copying 0 resource
2023-07-31 11:51:37,733 [Worker-25] INFO  o.e.m.c.i.p.ProjectConfigurationManager - Update started
2023-07-31 11:51:37,978 [Worker-25] INFO  o.e.m.c.i.l.LifecycleMappingFactory - Using org.eclipse.m2e.jdt.JarLifecycleMapping lifecycle mapping for MavenProject: devicethread-apis:devicethread-apis:0.0.1-SNAPSHOT @ D:\devicethread-automation\devicethread-apis\pom.xml.
2023-07-31 11:51:38,154 [Worker-25] INFO  o.e.m.j.i.AbstractJavaProjectConfigurator - Adding source folder /devicethread-apis/src/main/java
2023-07-31 11:51:38,154 [Worker-25] INFO  o.e.m.j.i.AbstractJavaProjectConfigurator - Adding resource folder /devicethread-apis/src/main/resources
2023-07-31 11:51:38,155 [Worker-25] INFO  o.e.m.j.i.AbstractJavaProjectConfigurator - Adding source folder /devicethread-apis/src/test/java
2023-07-31 11:51:38,155 [Worker-25] INFO  o.e.m.j.i.AbstractJavaProjectConfigurator - Adding resource folder /devicethread-apis/src/test/resources
2023-07-31 11:51:38,228 [Worker-25] INFO  o.e.m.c.i.p.ProjectConfigurationManager - Update completed: 0 sec
2023-07-31 11:51:38,510 [Worker-33] WARN  o.e.m.c.i.embedder.EclipseLogger - Using platform encoding (Cp1252 actually) to copy filtered resources, i.e. build is platform dependent!
2023-07-31 11:51:38,511 [Worker-33] INFO  o.e.m.c.i.embedder.EclipseLogger - Copying 0 resource
2023-07-31 11:51:38,512 [Worker-33] WARN  o.e.m.c.i.embedder.EclipseLogger - Using platform encoding (Cp1252 actually) to copy filtered resources, i.e. build is platform dependent!
2023-07-31 11:51:38,513 [Worker-33] INFO  o.e.m.c.i.embedder.EclipseLogger - Copying 0 resource
2023-07-31 11:51:56,889 [Worker-30] WARN  o.e.m.c.i.embedder.EclipseLogger - Using platform encoding (Cp1252 actually) to copy filtered resources, i.e. build is platform dependent!
2023-07-31 11:51:56,890 [Worker-30] INFO  o.e.m.c.i.embedder.EclipseLogger - Copying 0 resource
2023-07-31 11:51:56,891 [Worker-30] WARN  o.e.m.c.i.embedder.EclipseLogger - Using platform encoding (Cp1252 actually) to copy filtered resources, i.e. build is platform dependent!
2023-07-31 11:51:56,891 [Worker-30] INFO  o.e.m.c.i.embedder.EclipseLogger - Copying 0 resource
2023-07-31 11:54:03,685 [Worker-34] WARN  o.e.m.c.i.embedder.EclipseLogger - Using platform encoding (Cp1252 actually) to copy filtered resources, i.e. build is platform dependent!
2023-07-31 11:54:03,685 [Worker-34] INFO  o.e.m.c.i.embedder.EclipseLogger - Copying 0 resource
2023-07-31 11:54:03,686 [Worker-34] WARN  o.e.m.c.i.embedder.EclipseLogger - Using platform encoding (Cp1252 actually) to copy filtered resources, i.e. build is platform dependent!
2023-07-31 11:54:03,699 [Worker-34] INFO  o.e.m.c.i.embedder.EclipseLogger - Copying 0 resource
2023-07-31 11:54:09,417 [Worker-24] WARN  o.e.m.c.i.embedder.EclipseLogger - Using platform encoding (Cp1252 actually) to copy filtered resources, i.e. build is platform dependent!
2023-07-31 11:54:09,418 [Worker-24] INFO  o.e.m.c.i.embedder.EclipseLogger - Copying 0 resource
2023-07-31 11:54:09,419 [Worker-24] WARN  o.e.m.c.i.embedder.EclipseLogger - Using platform encoding (Cp1252 actually) to copy filtered resources, i.e. build is platform dependent!
2023-07-31 11:54:09,420 [Worker-24] INFO  o.e.m.c.i.embedder.EclipseLogger - Copying 0 resource
2023-07-31 11:54:42,119 [Worker-37] WARN  o.e.m.c.i.embedder.EclipseLogger - Using platform encoding (Cp1252 actually) to copy filtered resources, i.e. build is platform dependent!
2023-07-31 11:54:42,120 [Worker-37] INFO  o.e.m.c.i.embedder.EclipseLogger - Copying 0 resource
2023-07-31 11:54:42,120 [Worker-37] WARN  o.e.m.c.i.embedder.EclipseLogger - Using platform encoding (Cp1252 actually) to copy filtered resources, i.e. build is platform dependent!
2023-07-31 11:54:42,121 [Worker-37] INFO  o.e.m.c.i.embedder.EclipseLogger - Copying 0 resource
2023-07-31 11:54:45,440 [Worker-34] WARN  o.e.m.c.i.embedder.EclipseLogger - Using platform encoding (Cp1252 actually) to copy filtered resources, i.e. build is platform dependent!
2023-07-31 11:54:45,441 [Worker-34] INFO  o.e.m.c.i.embedder.EclipseLogger - Copying 0 resource
2023-07-31 11:54:45,441 [Worker-34] WARN  o.e.m.c.i.embedder.EclipseLogger - Using platform encoding (Cp1252 actually) to copy filtered resources, i.e. build is platform dependent!
2023-07-31 11:54:45,442 [Worker-34] INFO  o.e.m.c.i.embedder.EclipseLogger - Copying 0 resource
2023-07-31 11:54:53,485 [Worker-35] INFO  o.e.m.c.i.p.ProjectConfigurationManager - Update started
2023-07-31 11:54:53,757 [Worker-35] INFO  o.e.m.c.i.l.LifecycleMappingFactory - Using org.eclipse.m2e.jdt.JarLifecycleMapping lifecycle mapping for MavenProject: devicethread-apis:devicethread-apis:0.0.1-SNAPSHOT @ D:\devicethread-automation\devicethread-apis\pom.xml.
2023-07-31 11:54:53,978 [Worker-35] INFO  o.e.m.j.i.AbstractJavaProjectConfigurator - Adding source folder /devicethread-apis/src/main/java
2023-07-31 11:54:53,979 [Worker-35] INFO  o.e.m.j.i.AbstractJavaProjectConfigurator - Adding resource folder /devicethread-apis/src/main/resources
2023-07-31 11:54:53,979 [Worker-35] INFO  o.e.m.j.i.AbstractJavaProjectConfigurator - Adding source folder /devicethread-apis/src/test/java
2023-07-31 11:54:53,979 [Worker-35] INFO  o.e.m.j.i.AbstractJavaProjectConfigurator - Adding resource folder /devicethread-apis/src/test/resources
2023-07-31 11:54:54,072 [Worker-35] INFO  o.e.m.c.i.p.ProjectConfigurationManager - Update completed: 0 sec
2023-07-31 11:54:54,326 [Worker-37] WARN  o.e.m.c.i.embedder.EclipseLogger - Using platform encoding (Cp1252 actually) to copy filtered resources, i.e. build is platform dependent!
2023-07-31 11:54:54,326 [Worker-37] INFO  o.e.m.c.i.embedder.EclipseLogger - Copying 0 resource
2023-07-31 11:54:54,327 [Worker-37] WARN  o.e.m.c.i.embedder.EclipseLogger - Using platform encoding (Cp1252 actually) to copy filtered resources, i.e. build is platform dependent!
2023-07-31 11:54:54,327 [Worker-37] INFO  o.e.m.c.i.embedder.EclipseLogger - Copying 0 resource
2023-07-31 11:55:16,659 [Worker-24] WARN  o.e.m.c.i.embedder.EclipseLogger - Using platform encoding (Cp1252 actually) to copy filtered resources, i.e. build is platform dependent!
2023-07-31 11:55:16,662 [Worker-24] INFO  o.e.m.c.i.embedder.EclipseLogger - Copying 0 resource
2023-07-31 11:55:16,662 [Worker-24] WARN  o.e.m.c.i.embedder.EclipseLogger - Using platform encoding (Cp1252 actually) to copy filtered resources, i.e. build is platform dependent!
2023-07-31 11:55:16,663 [Worker-24] INFO  o.e.m.c.i.embedder.EclipseLogger - Copying 0 resource
2023-07-31 11:56:36,676 [Worker-36] WARN  o.e.m.c.i.embedder.EclipseLogger - Using platform encoding (Cp1252 actually) to copy filtered resources, i.e. build is platform dependent!
2023-07-31 11:56:36,677 [Worker-36] INFO  o.e.m.c.i.embedder.EclipseLogger - Copying 0 resource
2023-07-31 11:56:36,677 [Worker-36] WARN  o.e.m.c.i.embedder.EclipseLogger - Using platform encoding (Cp1252 actually) to copy filtered resources, i.e. build is platform dependent!
2023-07-31 11:56:36,677 [Worker-36] INFO  o.e.m.c.i.embedder.EclipseLogger - Copying 0 resource
2023-07-31 12:00:44,320 [Worker-39] WARN  o.e.m.c.i.embedder.EclipseLogger - Using platform encoding (Cp1252 actually) to copy filtered resources, i.e. build is platform dependent!
2023-07-31 12:00:44,321 [Worker-39] INFO  o.e.m.c.i.embedder.EclipseLogger - Copying 0 resource
2023-07-31 12:00:44,322 [Worker-39] WARN  o.e.m.c.i.embedder.EclipseLogger - Using platform encoding (Cp1252 actually) to copy filtered resources, i.e. build is platform dependent!
2023-07-31 12:00:44,322 [Worker-39] INFO  o.e.m.c.i.embedder.EclipseLogger - Copying 0 resource
2023-07-31 12:01:01,322 [Worker-39] WARN  o.e.m.c.i.embedder.EclipseLogger - Using platform encoding (Cp1252 actually) to copy filtered resources, i.e. build is platform dependent!
2023-07-31 12:01:01,322 [Worker-39] INFO  o.e.m.c.i.embedder.EclipseLogger - Copying 0 resource
2023-07-31 12:01:01,323 [Worker-39] WARN  o.e.m.c.i.embedder.EclipseLogger - Using platform encoding (Cp1252 actually) to copy filtered resources, i.e. build is platform dependent!
2023-07-31 12:01:01,323 [Worker-39] INFO  o.e.m.c.i.embedder.EclipseLogger - Copying 0 resource
2023-07-31 12:01:03,615 [Worker-40] WARN  o.e.m.c.i.embedder.EclipseLogger - Using platform encoding (Cp1252 actually) to copy filtered resources, i.e. build is platform dependent!
2023-07-31 12:01:03,615 [Worker-40] INFO  o.e.m.c.i.embedder.EclipseLogger - Copying 0 resource
2023-07-31 12:01:03,615 [Worker-40] WARN  o.e.m.c.i.embedder.EclipseLogger - Using platform encoding (Cp1252 actually) to copy filtered resources, i.e. build is platform dependent!
2023-07-31 12:01:03,617 [Worker-40] INFO  o.e.m.c.i.embedder.EclipseLogger - Copying 0 resource
2023-07-31 12:04:25,593 [Worker-37] WARN  o.e.m.c.i.embedder.EclipseLogger - Using platform encoding (Cp1252 actually) to copy filtered resources, i.e. build is platform dependent!
2023-07-31 12:04:25,700 [Worker-37] INFO  o.e.m.c.i.embedder.EclipseLogger - Copying 0 resource
2023-07-31 12:04:25,701 [Worker-37] WARN  o.e.m.c.i.embedder.EclipseLogger - Using platform encoding (Cp1252 actually) to copy filtered resources, i.e. build is platform dependent!
2023-07-31 12:04:25,701 [Worker-37] INFO  o.e.m.c.i.embedder.EclipseLogger - Copying 0 resource
2023-07-31 12:04:38,055 [Worker-39] WARN  o.e.m.c.i.embedder.EclipseLogger - Using platform encoding (Cp1252 actually) to copy filtered resources, i.e. build is platform dependent!
2023-07-31 12:04:38,056 [Worker-39] INFO  o.e.m.c.i.embedder.EclipseLogger - Copying 0 resource
2023-07-31 12:04:38,057 [Worker-39] WARN  o.e.m.c.i.embedder.EclipseLogger - Using platform encoding (Cp1252 actually) to copy filtered resources, i.e. build is platform dependent!
2023-07-31 12:04:38,058 [Worker-39] INFO  o.e.m.c.i.embedder.EclipseLogger - Copying 0 resource
2023-07-31 12:04:59,956 [Worker-39] WARN  o.e.m.c.i.embedder.EclipseLogger - Using platform encoding (Cp1252 actually) to copy filtered resources, i.e. build is platform dependent!
2023-07-31 12:04:59,957 [Worker-39] INFO  o.e.m.c.i.embedder.EclipseLogger - Copying 0 resource
2023-07-31 12:04:59,957 [Worker-39] WARN  o.e.m.c.i.embedder.EclipseLogger - Using platform encoding (Cp1252 actually) to copy filtered resources, i.e. build is platform dependent!
2023-07-31 12:04:59,958 [Worker-39] INFO  o.e.m.c.i.embedder.EclipseLogger - Copying 0 resource
2023-07-31 12:05:12,680 [Worker-44] WARN  o.e.m.c.i.embedder.EclipseLogger - Using platform encoding (Cp1252 actually) to copy filtered resources, i.e. build is platform dependent!
2023-07-31 12:05:12,681 [Worker-44] INFO  o.e.m.c.i.embedder.EclipseLogger - Copying 0 resource
2023-07-31 12:05:12,683 [Worker-44] WARN  o.e.m.c.i.embedder.EclipseLogger - Using platform encoding (Cp1252 actually) to copy filtered resources, i.e. build is platform dependent!
2023-07-31 12:05:12,684 [Worker-44] INFO  o.e.m.c.i.embedder.EclipseLogger - Copying 0 resource
2023-07-31 12:05:16,993 [Worker-42] WARN  o.e.m.c.i.embedder.EclipseLogger - Using platform encoding (Cp1252 actually) to copy filtered resources, i.e. build is platform dependent!
2023-07-31 12:05:16,993 [Worker-42] INFO  o.e.m.c.i.embedder.EclipseLogger - Copying 0 resource
2023-07-31 12:05:16,994 [Worker-42] WARN  o.e.m.c.i.embedder.EclipseLogger - Using platform encoding (Cp1252 actually) to copy filtered resources, i.e. build is platform dependent!
2023-07-31 12:05:16,994 [Worker-42] INFO  o.e.m.c.i.embedder.EclipseLogger - Copying 0 resource
2023-07-31 12:05:43,647 [Worker-41] WARN  o.e.m.c.i.embedder.EclipseLogger - Using platform encoding (Cp1252 actually) to copy filtered resources, i.e. build is platform dependent!
2023-07-31 12:05:43,648 [Worker-41] INFO  o.e.m.c.i.embedder.EclipseLogger - Copying 0 resource
2023-07-31 12:05:43,649 [Worker-41] WARN  o.e.m.c.i.embedder.EclipseLogger - Using platform encoding (Cp1252 actually) to copy filtered resources, i.e. build is platform dependent!
2023-07-31 12:05:43,650 [Worker-41] INFO  o.e.m.c.i.embedder.EclipseLogger - Copying 0 resource
2023-07-31 12:06:32,233 [Worker-41] WARN  o.e.r.models.ModelRepository - Failed to download org.eclipse.recommenders:index::zip:0.0.0
org.eclipse.aether.resolution.ArtifactResolutionException: Could not find artifact org.eclipse.recommenders:index:zip:0.0.0-SNAPSHOT in models (http://download.eclipse.org/recommenders/models/oxygen/)
	at org.eclipse.aether.internal.impl.DefaultArtifactResolver.resolve(DefaultArtifactResolver.java:453) ~[na:na]
	at org.eclipse.aether.internal.impl.DefaultArtifactResolver.resolveArtifacts(DefaultArtifactResolver.java:255) ~[na:na]
	at org.eclipse.aether.internal.impl.DefaultArtifactResolver.resolveArtifact(DefaultArtifactResolver.java:232) ~[na:na]
	at org.eclipse.aether.internal.impl.DefaultRepositorySystem.resolveArtifact(DefaultRepositorySystem.java:303) ~[na:na]
	at org.eclipse.recommenders.models.ModelRepository.resolveInternal(ModelRepository.java:193) [org.eclipse.recommenders.models_2.4.9.v20170613-1301.jar:na]
	at org.eclipse.recommenders.models.ModelRepository.resolve(ModelRepository.java:172) [org.eclipse.recommenders.models_2.4.9.v20170613-1301.jar:na]
	at org.eclipse.recommenders.internal.models.rcp.EclipseModelRepository.resolve(EclipseModelRepository.java:168) [org.eclipse.recommenders.models.rcp_2.4.9.v20170613-1301.jar:na]
	at org.eclipse.recommenders.internal.models.rcp.DownloadModelArchiveJob.run(DownloadModelArchiveJob.java:76) [org.eclipse.recommenders.models.rcp_2.4.9.v20170613-1301.jar:na]
	at org.eclipse.core.internal.jobs.Worker.run(Worker.java:56) [org.eclipse.core.jobs_3.9.0.v20170322-0013.jar:na]
Caused by: org.eclipse.aether.transfer.ArtifactNotFoundException: Could not find artifact org.eclipse.recommenders:index:zip:0.0.0-SNAPSHOT in models (http://download.eclipse.org/recommenders/models/oxygen/)
	at org.eclipse.aether.connector.basic.ArtifactTransportListener.transferFailed(ArtifactTransportListener.java:48) ~[org.apache.maven.resolver.connector.basic_1.0.3.v20170405-0725.jar:1.0.3]
	at org.eclipse.aether.connector.basic.BasicRepositoryConnector$TaskRunner.run(BasicRepositoryConnector.java:364) ~[org.apache.maven.resolver.connector.basic_1.0.3.v20170405-0725.jar:1.0.3]
	at org.eclipse.aether.util.concurrency.RunnableErrorForwarder$1.run(RunnableErrorForwarder.java:76) ~[na:na]
	at org.eclipse.aether.connector.basic.BasicRepositoryConnector$DirectExecutor.execute(BasicRepositoryConnector.java:590) ~[org.apache.maven.resolver.connector.basic_1.0.3.v20170405-0725.jar:1.0.3]
	at org.eclipse.aether.connector.basic.BasicRepositoryConnector.get(BasicRepositoryConnector.java:258) ~[org.apache.maven.resolver.connector.basic_1.0.3.v20170405-0725.jar:1.0.3]
	at org.eclipse.aether.internal.impl.DefaultArtifactResolver.performDownloads(DefaultArtifactResolver.java:529) ~[na:na]
	at org.eclipse.aether.internal.impl.DefaultArtifactResolver.resolve(DefaultArtifactResolver.java:430) ~[na:na]
	... 8 common frames omitted
2023-07-31 12:09:17,382 [Worker-37] WARN  o.e.m.c.i.embedder.EclipseLogger - Using platform encoding (Cp1252 actually) to copy filtered resources, i.e. build is platform dependent!
2023-07-31 12:09:17,383 [Worker-37] INFO  o.e.m.c.i.embedder.EclipseLogger - Copying 0 resource
2023-07-31 12:09:17,384 [Worker-37] WARN  o.e.m.c.i.embedder.EclipseLogger - Using platform encoding (Cp1252 actually) to copy filtered resources, i.e. build is platform dependent!
2023-07-31 12:09:17,386 [Worker-37] INFO  o.e.m.c.i.embedder.EclipseLogger - Copying 0 resource
2023-07-31 12:11:43,998 [Worker-42] WARN  o.e.m.c.i.embedder.EclipseLogger - Using platform encoding (Cp1252 actually) to copy filtered resources, i.e. build is platform dependent!
2023-07-31 12:11:43,999 [Worker-42] INFO  o.e.m.c.i.embedder.EclipseLogger - Copying 0 resource
2023-07-31 12:11:43,999 [Worker-42] WARN  o.e.m.c.i.embedder.EclipseLogger - Using platform encoding (Cp1252 actually) to copy filtered resources, i.e. build is platform dependent!
2023-07-31 12:11:44,000 [Worker-42] INFO  o.e.m.c.i.embedder.EclipseLogger - Copying 0 resource
2023-07-31 12:11:45,026 [Worker-46] WARN  o.e.m.c.i.embedder.EclipseLogger - Using platform encoding (Cp1252 actually) to copy filtered resources, i.e. build is platform dependent!
2023-07-31 12:11:45,027 [Worker-46] INFO  o.e.m.c.i.embedder.EclipseLogger - Copying 0 resource
2023-07-31 12:11:45,027 [Worker-46] WARN  o.e.m.c.i.embedder.EclipseLogger - Using platform encoding (Cp1252 actually) to copy filtered resources, i.e. build is platform dependent!
2023-07-31 12:11:45,027 [Worker-46] INFO  o.e.m.c.i.embedder.EclipseLogger - Copying 0 resource
2023-07-31 12:12:36,134 [Worker-37] WARN  o.e.m.c.i.embedder.EclipseLogger - Using platform encoding (Cp1252 actually) to copy filtered resources, i.e. build is platform dependent!
2023-07-31 12:12:36,135 [Worker-37] INFO  o.e.m.c.i.embedder.EclipseLogger - Copying 0 resource
2023-07-31 12:12:36,136 [Worker-37] WARN  o.e.m.c.i.embedder.EclipseLogger - Using platform encoding (Cp1252 actually) to copy filtered resources, i.e. build is platform dependent!
2023-07-31 12:12:36,137 [Worker-37] INFO  o.e.m.c.i.embedder.EclipseLogger - Copying 0 resource
2023-07-31 12:12:58,814 [Worker-46] WARN  o.e.m.c.i.embedder.EclipseLogger - Using platform encoding (Cp1252 actually) to copy filtered resources, i.e. build is platform dependent!
2023-07-31 12:12:58,815 [Worker-46] INFO  o.e.m.c.i.embedder.EclipseLogger - Copying 0 resource
2023-07-31 12:12:58,816 [Worker-46] WARN  o.e.m.c.i.embedder.EclipseLogger - Using platform encoding (Cp1252 actually) to copy filtered resources, i.e. build is platform dependent!
2023-07-31 12:12:58,816 [Worker-46] INFO  o.e.m.c.i.embedder.EclipseLogger - Copying 0 resource
2023-07-31 12:13:03,160 [Worker-45] WARN  o.e.m.c.i.embedder.EclipseLogger - Using platform encoding (Cp1252 actually) to copy filtered resources, i.e. build is platform dependent!
2023-07-31 12:13:03,160 [Worker-45] INFO  o.e.m.c.i.embedder.EclipseLogger - Copying 0 resource
2023-07-31 12:13:03,161 [Worker-45] WARN  o.e.m.c.i.embedder.EclipseLogger - Using platform encoding (Cp1252 actually) to copy filtered resources, i.e. build is platform dependent!
2023-07-31 12:13:03,161 [Worker-45] INFO  o.e.m.c.i.embedder.EclipseLogger - Copying 0 resource
2023-07-31 12:14:17,978 [Worker-47] WARN  o.e.m.c.i.embedder.EclipseLogger - Using platform encoding (Cp1252 actually) to copy filtered resources, i.e. build is platform dependent!
2023-07-31 12:14:17,978 [Worker-47] INFO  o.e.m.c.i.embedder.EclipseLogger - Copying 0 resource
2023-07-31 12:14:17,979 [Worker-47] WARN  o.e.m.c.i.embedder.EclipseLogger - Using platform encoding (Cp1252 actually) to copy filtered resources, i.e. build is platform dependent!
2023-07-31 12:14:17,980 [Worker-47] INFO  o.e.m.c.i.embedder.EclipseLogger - Copying 0 resource
2023-07-31 12:14:30,318 [Worker-42] INFO  o.e.m.c.i.p.ProjectConfigurationManager - Update started
2023-07-31 12:14:30,742 [Worker-42] INFO  o.e.m.c.i.l.LifecycleMappingFactory - Using org.eclipse.m2e.jdt.JarLifecycleMapping lifecycle mapping for MavenProject: devicethread-apis:devicethread-apis:0.0.1-SNAPSHOT @ D:\devicethread-automation\devicethread-apis\pom.xml.
2023-07-31 12:14:31,312 [Worker-42] INFO  o.e.m.j.i.AbstractJavaProjectConfigurator - Adding source folder /devicethread-apis/src/main/java
2023-07-31 12:14:31,313 [Worker-42] INFO  o.e.m.j.i.AbstractJavaProjectConfigurator - Adding resource folder /devicethread-apis/src/main/resources
2023-07-31 12:14:31,313 [Worker-42] INFO  o.e.m.j.i.AbstractJavaProjectConfigurator - Adding source folder /devicethread-apis/src/test/java
2023-07-31 12:14:31,313 [Worker-42] INFO  o.e.m.j.i.AbstractJavaProjectConfigurator - Adding resource folder /devicethread-apis/src/test/resources
2023-07-31 12:14:31,519 [Worker-42] INFO  o.e.m.c.i.p.ProjectConfigurationManager - Update completed: 1 sec
2023-07-31 12:14:31,765 [Worker-45] WARN  o.e.m.c.i.embedder.EclipseLogger - Using platform encoding (Cp1252 actually) to copy filtered resources, i.e. build is platform dependent!
2023-07-31 12:14:31,766 [Worker-45] INFO  o.e.m.c.i.embedder.EclipseLogger - Copying 0 resource
2023-07-31 12:14:31,767 [Worker-45] WARN  o.e.m.c.i.embedder.EclipseLogger - Using platform encoding (Cp1252 actually) to copy filtered resources, i.e. build is platform dependent!
2023-07-31 12:14:31,768 [Worker-45] INFO  o.e.m.c.i.embedder.EclipseLogger - Copying 0 resource
2023-07-31 12:14:35,679 [Worker-47] INFO  o.e.m.i.launch.MavenLaunchDelegate - D:\devicethread-automation\devicethread-apis
2023-07-31 12:14:35,679 [Worker-47] INFO  o.e.m.i.launch.MavenLaunchDelegate -  mvn -B clean
2023-07-31 12:14:37,431 [Worker-42] WARN  o.e.m.c.i.embedder.EclipseLogger - Using platform encoding (Cp1252 actually) to copy filtered resources, i.e. build is platform dependent!
2023-07-31 12:14:37,434 [Worker-42] INFO  o.e.m.c.i.embedder.EclipseLogger - Copying 0 resource
2023-07-31 12:14:37,435 [Worker-42] WARN  o.e.m.c.i.embedder.EclipseLogger - Using platform encoding (Cp1252 actually) to copy filtered resources, i.e. build is platform dependent!
2023-07-31 12:14:37,437 [Worker-42] INFO  o.e.m.c.i.embedder.EclipseLogger - Copying 0 resource
2023-07-31 12:15:16,996 [Worker-45] INFO  o.e.m.c.i.p.ProjectConfigurationManager - Update started
2023-07-31 12:15:17,280 [Worker-45] INFO  o.e.m.c.i.l.LifecycleMappingFactory - Using org.eclipse.m2e.jdt.JarLifecycleMapping lifecycle mapping for MavenProject: devicethread-apis:devicethread-apis:0.0.1-SNAPSHOT @ D:\devicethread-automation\devicethread-apis\pom.xml.
2023-07-31 12:15:17,768 [Worker-45] INFO  o.e.m.j.i.AbstractJavaProjectConfigurator - Adding source folder /devicethread-apis/src/main/java
2023-07-31 12:15:17,768 [Worker-45] INFO  o.e.m.j.i.AbstractJavaProjectConfigurator - Adding resource folder /devicethread-apis/src/main/resources
2023-07-31 12:15:17,769 [Worker-45] INFO  o.e.m.j.i.AbstractJavaProjectConfigurator - Adding source folder /devicethread-apis/src/test/java
2023-07-31 12:15:17,769 [Worker-45] INFO  o.e.m.j.i.AbstractJavaProjectConfigurator - Adding resource folder /devicethread-apis/src/test/resources
2023-07-31 12:15:17,842 [Worker-45] INFO  o.e.m.c.i.p.ProjectConfigurationManager - Update completed: 0 sec
2023-07-31 12:15:18,107 [Worker-48] WARN  o.e.m.c.i.embedder.EclipseLogger - Using platform encoding (Cp1252 actually) to copy filtered resources, i.e. build is platform dependent!
2023-07-31 12:15:18,108 [Worker-48] INFO  o.e.m.c.i.embedder.EclipseLogger - Copying 0 resource
2023-07-31 12:15:18,109 [Worker-48] WARN  o.e.m.c.i.embedder.EclipseLogger - Using platform encoding (Cp1252 actually) to copy filtered resources, i.e. build is platform dependent!
2023-07-31 12:15:18,110 [Worker-48] INFO  o.e.m.c.i.embedder.EclipseLogger - Copying 0 resource
2023-07-31 12:15:25,556 [Worker-39] INFO  o.e.m.i.launch.MavenLaunchDelegate - D:\devicethread-automation\devicethread-apis
2023-07-31 12:15:25,556 [Worker-39] INFO  o.e.m.i.launch.MavenLaunchDelegate -  mvn -B clean
2023-07-31 12:15:26,869 [Worker-47] WARN  o.e.m.c.i.embedder.EclipseLogger - Using platform encoding (Cp1252 actually) to copy filtered resources, i.e. build is platform dependent!
2023-07-31 12:15:26,874 [Worker-47] INFO  o.e.m.c.i.embedder.EclipseLogger - Copying 0 resource
2023-07-31 12:15:26,874 [Worker-47] WARN  o.e.m.c.i.embedder.EclipseLogger - Using platform encoding (Cp1252 actually) to copy filtered resources, i.e. build is platform dependent!
2023-07-31 12:15:26,876 [Worker-47] INFO  o.e.m.c.i.embedder.EclipseLogger - Copying 0 resource
2023-07-31 12:16:33,390 [Worker-37] WARN  o.e.m.c.i.embedder.EclipseLogger - Using platform encoding (Cp1252 actually) to copy filtered resources, i.e. build is platform dependent!
2023-07-31 12:16:33,391 [Worker-37] INFO  o.e.m.c.i.embedder.EclipseLogger - Copying 0 resource
2023-07-31 12:16:33,392 [Worker-37] WARN  o.e.m.c.i.embedder.EclipseLogger - Using platform encoding (Cp1252 actually) to copy filtered resources, i.e. build is platform dependent!
2023-07-31 12:16:33,393 [Worker-37] INFO  o.e.m.c.i.embedder.EclipseLogger - Copying 0 resource
2023-07-31 12:17:35,080 [Worker-48] WARN  o.e.m.c.i.embedder.EclipseLogger - Using platform encoding (Cp1252 actually) to copy filtered resources, i.e. build is platform dependent!
2023-07-31 12:17:35,081 [Worker-48] INFO  o.e.m.c.i.embedder.EclipseLogger - Copying 0 resource
2023-07-31 12:17:35,082 [Worker-48] WARN  o.e.m.c.i.embedder.EclipseLogger - Using platform encoding (Cp1252 actually) to copy filtered resources, i.e. build is platform dependent!
2023-07-31 12:17:35,083 [Worker-48] INFO  o.e.m.c.i.embedder.EclipseLogger - Copying 0 resource
2023-07-31 12:17:43,996 [Worker-39] WARN  o.e.m.c.i.embedder.EclipseLogger - Using platform encoding (Cp1252 actually) to copy filtered resources, i.e. build is platform dependent!
2023-07-31 12:17:43,999 [Worker-39] INFO  o.e.m.c.i.embedder.EclipseLogger - Copying 0 resource
2023-07-31 12:17:44,000 [Worker-39] WARN  o.e.m.c.i.embedder.EclipseLogger - Using platform encoding (Cp1252 actually) to copy filtered resources, i.e. build is platform dependent!
2023-07-31 12:17:44,001 [Worker-39] INFO  o.e.m.c.i.embedder.EclipseLogger - Copying 0 resource
2023-07-31 12:17:54,392 [Worker-37] WARN  o.e.m.c.i.embedder.EclipseLogger - Using platform encoding (Cp1252 actually) to copy filtered resources, i.e. build is platform dependent!
2023-07-31 12:17:54,392 [Worker-37] INFO  o.e.m.c.i.embedder.EclipseLogger - Copying 0 resource
2023-07-31 12:17:54,393 [Worker-37] WARN  o.e.m.c.i.embedder.EclipseLogger - Using platform encoding (Cp1252 actually) to copy filtered resources, i.e. build is platform dependent!
2023-07-31 12:17:54,393 [Worker-37] INFO  o.e.m.c.i.embedder.EclipseLogger - Copying 0 resource
2023-07-31 12:18:11,824 [Worker-42] WARN  o.e.m.c.i.embedder.EclipseLogger - Using platform encoding (Cp1252 actually) to copy filtered resources, i.e. build is platform dependent!
2023-07-31 12:18:11,825 [Worker-42] INFO  o.e.m.c.i.embedder.EclipseLogger - Copying 0 resource
2023-07-31 12:18:11,826 [Worker-42] WARN  o.e.m.c.i.embedder.EclipseLogger - Using platform encoding (Cp1252 actually) to copy filtered resources, i.e. build is platform dependent!
2023-07-31 12:18:11,827 [Worker-42] INFO  o.e.m.c.i.embedder.EclipseLogger - Copying 0 resource
2023-07-31 12:18:13,765 [Worker-37] WARN  o.e.m.c.i.embedder.EclipseLogger - Using platform encoding (Cp1252 actually) to copy filtered resources, i.e. build is platform dependent!
2023-07-31 12:18:13,765 [Worker-37] INFO  o.e.m.c.i.embedder.EclipseLogger - Copying 0 resource
2023-07-31 12:18:13,767 [Worker-37] WARN  o.e.m.c.i.embedder.EclipseLogger - Using platform encoding (Cp1252 actually) to copy filtered resources, i.e. build is platform dependent!
2023-07-31 12:18:13,767 [Worker-37] INFO  o.e.m.c.i.embedder.EclipseLogger - Copying 0 resource
2023-07-31 12:19:14,015 [Worker-37] INFO  o.e.m.i.launch.MavenLaunchDelegate - D:\devicethread-automation\devicethread-apis
2023-07-31 12:19:14,016 [Worker-37] INFO  o.e.m.i.launch.MavenLaunchDelegate -  mvn -B test
2023-07-31 12:19:16,117 [Worker-37] WARN  o.e.m.c.i.embedder.EclipseLogger - Using platform encoding (Cp1252 actually) to copy filtered resources, i.e. build is platform dependent!
2023-07-31 12:19:16,119 [Worker-37] INFO  o.e.m.c.i.embedder.EclipseLogger - Copying 0 resource
2023-07-31 12:19:16,122 [Worker-37] WARN  o.e.m.c.i.embedder.EclipseLogger - Using platform encoding (Cp1252 actually) to copy filtered resources, i.e. build is platform dependent!
2023-07-31 12:19:16,125 [Worker-37] INFO  o.e.m.c.i.embedder.EclipseLogger - Copying 0 resource
2023-07-31 12:21:08,296 [Worker-49] INFO  o.e.m.i.launch.MavenLaunchDelegate - D:\devicethread-automation\devicethread-apis
2023-07-31 12:21:08,296 [Worker-49] INFO  o.e.m.i.launch.MavenLaunchDelegate -  mvn -B test
2023-07-31 12:21:10,448 [Worker-50] WARN  o.e.m.c.i.embedder.EclipseLogger - Using platform encoding (Cp1252 actually) to copy filtered resources, i.e. build is platform dependent!
2023-07-31 12:21:10,449 [Worker-50] INFO  o.e.m.c.i.embedder.EclipseLogger - Copying 0 resource
2023-07-31 12:21:10,450 [Worker-50] WARN  o.e.m.c.i.embedder.EclipseLogger - Using platform encoding (Cp1252 actually) to copy filtered resources, i.e. build is platform dependent!
2023-07-31 12:21:10,450 [Worker-50] INFO  o.e.m.c.i.embedder.EclipseLogger - Copying 0 resource
2023-07-31 12:23:18,152 [Worker-53] WARN  o.e.m.c.i.embedder.EclipseLogger - Using platform encoding (Cp1252 actually) to copy filtered resources, i.e. build is platform dependent!
2023-07-31 12:23:18,153 [Worker-53] INFO  o.e.m.c.i.embedder.EclipseLogger - Copying 0 resource
2023-07-31 12:23:18,153 [Worker-53] WARN  o.e.m.c.i.embedder.EclipseLogger - Using platform encoding (Cp1252 actually) to copy filtered resources, i.e. build is platform dependent!
2023-07-31 12:23:18,154 [Worker-53] INFO  o.e.m.c.i.embedder.EclipseLogger - Copying 0 resource
2023-07-31 12:23:31,076 [Worker-51] INFO  o.e.m.c.i.p.ProjectConfigurationManager - Update started
2023-07-31 12:23:31,374 [Worker-51] INFO  o.e.m.c.i.l.LifecycleMappingFactory - Using org.eclipse.m2e.jdt.JarLifecycleMapping lifecycle mapping for MavenProject: devicethread-apis:devicethread-apis:0.0.1-SNAPSHOT @ D:\devicethread-automation\devicethread-apis\pom.xml.
2023-07-31 12:23:32,148 [Worker-51] INFO  o.e.m.j.i.AbstractJavaProjectConfigurator - Adding source folder /devicethread-apis/src/main/java
2023-07-31 12:23:32,148 [Worker-51] INFO  o.e.m.j.i.AbstractJavaProjectConfigurator - Adding resource folder /devicethread-apis/src/main/resources
2023-07-31 12:23:32,148 [Worker-51] INFO  o.e.m.j.i.AbstractJavaProjectConfigurator - Adding source folder /devicethread-apis/src/test/java
2023-07-31 12:23:32,148 [Worker-51] INFO  o.e.m.j.i.AbstractJavaProjectConfigurator - Adding resource folder /devicethread-apis/src/test/resources
2023-07-31 12:23:32,261 [Worker-51] INFO  o.e.m.c.i.p.ProjectConfigurationManager - Update completed: 1 sec
2023-07-31 12:23:32,489 [Worker-49] WARN  o.e.m.c.i.embedder.EclipseLogger - Using platform encoding (Cp1252 actually) to copy filtered resources, i.e. build is platform dependent!
2023-07-31 12:23:32,490 [Worker-49] INFO  o.e.m.c.i.embedder.EclipseLogger - Copying 0 resource
2023-07-31 12:23:32,491 [Worker-49] WARN  o.e.m.c.i.embedder.EclipseLogger - Using platform encoding (Cp1252 actually) to copy filtered resources, i.e. build is platform dependent!
2023-07-31 12:23:32,491 [Worker-49] INFO  o.e.m.c.i.embedder.EclipseLogger - Copying 0 resource
2023-07-31 12:25:15,305 [Worker-50] INFO  o.e.m.i.launch.MavenLaunchDelegate - D:\devicethread-automation\devicethread-apis
2023-07-31 12:25:15,305 [Worker-50] INFO  o.e.m.i.launch.MavenLaunchDelegate -  mvn -B test
2023-07-31 12:25:18,207 [Worker-54] WARN  o.e.m.c.i.embedder.EclipseLogger - Using platform encoding (Cp1252 actually) to copy filtered resources, i.e. build is platform dependent!
2023-07-31 12:25:18,209 [Worker-54] INFO  o.e.m.c.i.embedder.EclipseLogger - Copying 0 resource
2023-07-31 12:25:18,210 [Worker-54] WARN  o.e.m.c.i.embedder.EclipseLogger - Using platform encoding (Cp1252 actually) to copy filtered resources, i.e. build is platform dependent!
2023-07-31 12:25:18,211 [Worker-54] INFO  o.e.m.c.i.embedder.EclipseLogger - Copying 0 resource
2023-07-31 15:58:14,725 [Worker-93] WARN  o.e.m.c.i.embedder.EclipseLogger - Using platform encoding (Cp1252 actually) to copy filtered resources, i.e. build is platform dependent!
2023-07-31 15:58:14,811 [Worker-93] INFO  o.e.m.c.i.embedder.EclipseLogger - Copying 0 resource
2023-07-31 15:58:14,813 [Worker-93] WARN  o.e.m.c.i.embedder.EclipseLogger - Using platform encoding (Cp1252 actually) to copy filtered resources, i.e. build is platform dependent!
2023-07-31 15:58:14,835 [Worker-93] INFO  o.e.m.c.i.embedder.EclipseLogger - Copying 0 resource
2023-07-31 16:02:06,330 [Worker-93] WARN  o.e.m.c.i.embedder.EclipseLogger - Using platform encoding (Cp1252 actually) to copy filtered resources, i.e. build is platform dependent!
2023-07-31 16:02:06,332 [Worker-93] INFO  o.e.m.c.i.embedder.EclipseLogger - Copying 0 resource
2023-07-31 16:02:06,333 [Worker-93] WARN  o.e.m.c.i.embedder.EclipseLogger - Using platform encoding (Cp1252 actually) to copy filtered resources, i.e. build is platform dependent!
2023-07-31 16:02:06,334 [Worker-93] INFO  o.e.m.c.i.embedder.EclipseLogger - Copying 0 resource
2023-07-31 16:02:19,880 [Worker-93] WARN  o.e.m.c.i.embedder.EclipseLogger - Using platform encoding (Cp1252 actually) to copy filtered resources, i.e. build is platform dependent!
2023-07-31 16:02:19,881 [Worker-93] INFO  o.e.m.c.i.embedder.EclipseLogger - Copying 0 resource
2023-07-31 16:02:19,984 [Worker-93] WARN  o.e.m.c.i.embedder.EclipseLogger - Using platform encoding (Cp1252 actually) to copy filtered resources, i.e. build is platform dependent!
2023-07-31 16:02:19,985 [Worker-93] INFO  o.e.m.c.i.embedder.EclipseLogger - Copying 0 resource
2023-07-31 16:03:01,986 [Worker-114] WARN  o.e.m.c.i.embedder.EclipseLogger - Using platform encoding (Cp1252 actually) to copy filtered resources, i.e. build is platform dependent!
2023-07-31 16:03:01,987 [Worker-114] INFO  o.e.m.c.i.embedder.EclipseLogger - Copying 0 resource
2023-07-31 16:03:02,003 [Worker-114] WARN  o.e.m.c.i.embedder.EclipseLogger - Using platform encoding (Cp1252 actually) to copy filtered resources, i.e. build is platform dependent!
2023-07-31 16:03:02,004 [Worker-114] INFO  o.e.m.c.i.embedder.EclipseLogger - Copying 0 resource
2023-07-31 16:05:37,313 [Worker-118] WARN  o.e.m.c.i.embedder.EclipseLogger - Using platform encoding (Cp1252 actually) to copy filtered resources, i.e. build is platform dependent!
2023-07-31 16:05:37,336 [Worker-118] INFO  o.e.m.c.i.embedder.EclipseLogger - Copying 0 resource
2023-07-31 16:05:37,337 [Worker-118] WARN  o.e.m.c.i.embedder.EclipseLogger - Using platform encoding (Cp1252 actually) to copy filtered resources, i.e. build is platform dependent!
2023-07-31 16:05:37,337 [Worker-118] INFO  o.e.m.c.i.embedder.EclipseLogger - Copying 0 resource
2023-07-31 16:07:28,528 [Worker-121] WARN  o.e.m.c.i.embedder.EclipseLogger - Using platform encoding (Cp1252 actually) to copy filtered resources, i.e. build is platform dependent!
2023-07-31 16:07:28,529 [Worker-121] INFO  o.e.m.c.i.embedder.EclipseLogger - Copying 0 resource
2023-07-31 16:07:28,529 [Worker-121] WARN  o.e.m.c.i.embedder.EclipseLogger - Using platform encoding (Cp1252 actually) to copy filtered resources, i.e. build is platform dependent!
2023-07-31 16:07:28,530 [Worker-121] INFO  o.e.m.c.i.embedder.EclipseLogger - Copying 0 resource
2023-07-31 16:07:38,132 [Worker-117] WARN  o.e.m.c.i.embedder.EclipseLogger - Using platform encoding (Cp1252 actually) to copy filtered resources, i.e. build is platform dependent!
2023-07-31 16:07:38,132 [Worker-117] INFO  o.e.m.c.i.embedder.EclipseLogger - Copying 0 resource
2023-07-31 16:07:38,133 [Worker-117] WARN  o.e.m.c.i.embedder.EclipseLogger - Using platform encoding (Cp1252 actually) to copy filtered resources, i.e. build is platform dependent!
2023-07-31 16:07:38,134 [Worker-117] INFO  o.e.m.c.i.embedder.EclipseLogger - Copying 0 resource
2023-07-31 16:09:45,066 [Worker-121] WARN  o.e.m.c.i.embedder.EclipseLogger - Using platform encoding (Cp1252 actually) to copy filtered resources, i.e. build is platform dependent!
2023-07-31 16:09:45,067 [Worker-121] INFO  o.e.m.c.i.embedder.EclipseLogger - Copying 0 resource
2023-07-31 16:09:45,087 [Worker-121] WARN  o.e.m.c.i.embedder.EclipseLogger - Using platform encoding (Cp1252 actually) to copy filtered resources, i.e. build is platform dependent!
2023-07-31 16:09:45,088 [Worker-121] INFO  o.e.m.c.i.embedder.EclipseLogger - Copying 0 resource
2023-07-31 16:10:39,947 [Worker-123] WARN  o.e.m.c.i.embedder.EclipseLogger - Using platform encoding (Cp1252 actually) to copy filtered resources, i.e. build is platform dependent!
2023-07-31 16:10:39,947 [Worker-123] INFO  o.e.m.c.i.embedder.EclipseLogger - Copying 0 resource
2023-07-31 16:10:39,947 [Worker-123] WARN  o.e.m.c.i.embedder.EclipseLogger - Using platform encoding (Cp1252 actually) to copy filtered resources, i.e. build is platform dependent!
2023-07-31 16:10:39,948 [Worker-123] INFO  o.e.m.c.i.embedder.EclipseLogger - Copying 0 resource
2023-07-31 16:15:16,735 [Worker-123] WARN  o.e.m.c.i.embedder.EclipseLogger - Using platform encoding (Cp1252 actually) to copy filtered resources, i.e. build is platform dependent!
2023-07-31 16:15:16,736 [Worker-123] INFO  o.e.m.c.i.embedder.EclipseLogger - Copying 0 resource
2023-07-31 16:15:16,736 [Worker-123] WARN  o.e.m.c.i.embedder.EclipseLogger - Using platform encoding (Cp1252 actually) to copy filtered resources, i.e. build is platform dependent!
2023-07-31 16:15:16,737 [Worker-123] INFO  o.e.m.c.i.embedder.EclipseLogger - Copying 0 resource
2023-07-31 16:17:26,700 [Worker-121] WARN  o.e.m.c.i.embedder.EclipseLogger - Using platform encoding (Cp1252 actually) to copy filtered resources, i.e. build is platform dependent!
2023-07-31 16:17:26,828 [Worker-121] INFO  o.e.m.c.i.embedder.EclipseLogger - Copying 0 resource
2023-07-31 16:17:26,829 [Worker-121] WARN  o.e.m.c.i.embedder.EclipseLogger - Using platform encoding (Cp1252 actually) to copy filtered resources, i.e. build is platform dependent!
2023-07-31 16:17:26,829 [Worker-121] INFO  o.e.m.c.i.embedder.EclipseLogger - Copying 0 resource
2023-07-31 16:17:30,432 [Worker-125] WARN  o.e.m.c.i.embedder.EclipseLogger - Using platform encoding (Cp1252 actually) to copy filtered resources, i.e. build is platform dependent!
2023-07-31 16:17:30,433 [Worker-125] INFO  o.e.m.c.i.embedder.EclipseLogger - Copying 0 resource
2023-07-31 16:17:30,433 [Worker-125] WARN  o.e.m.c.i.embedder.EclipseLogger - Using platform encoding (Cp1252 actually) to copy filtered resources, i.e. build is platform dependent!
2023-07-31 16:17:30,433 [Worker-125] INFO  o.e.m.c.i.embedder.EclipseLogger - Copying 0 resource
2023-07-31 16:20:29,868 [Worker-126] WARN  o.e.m.c.i.embedder.EclipseLogger - Using platform encoding (Cp1252 actually) to copy filtered resources, i.e. build is platform dependent!
2023-07-31 16:20:29,869 [Worker-126] INFO  o.e.m.c.i.embedder.EclipseLogger - Copying 0 resource
2023-07-31 16:20:29,869 [Worker-126] WARN  o.e.m.c.i.embedder.EclipseLogger - Using platform encoding (Cp1252 actually) to copy filtered resources, i.e. build is platform dependent!
2023-07-31 16:20:29,870 [Worker-126] INFO  o.e.m.c.i.embedder.EclipseLogger - Copying 0 resource
2023-07-31 16:21:08,579 [Worker-126] WARN  o.e.m.c.i.embedder.EclipseLogger - Using platform encoding (Cp1252 actually) to copy filtered resources, i.e. build is platform dependent!
2023-07-31 16:21:08,579 [Worker-126] INFO  o.e.m.c.i.embedder.EclipseLogger - Copying 0 resource
2023-07-31 16:21:08,580 [Worker-126] WARN  o.e.m.c.i.embedder.EclipseLogger - Using platform encoding (Cp1252 actually) to copy filtered resources, i.e. build is platform dependent!
2023-07-31 16:21:08,581 [Worker-126] INFO  o.e.m.c.i.embedder.EclipseLogger - Copying 0 resource
2023-07-31 16:21:34,256 [Worker-126] WARN  o.e.m.c.i.embedder.EclipseLogger - Using platform encoding (Cp1252 actually) to copy filtered resources, i.e. build is platform dependent!
2023-07-31 16:21:34,257 [Worker-126] INFO  o.e.m.c.i.embedder.EclipseLogger - Copying 0 resource
2023-07-31 16:21:34,257 [Worker-126] WARN  o.e.m.c.i.embedder.EclipseLogger - Using platform encoding (Cp1252 actually) to copy filtered resources, i.e. build is platform dependent!
2023-07-31 16:21:34,258 [Worker-126] INFO  o.e.m.c.i.embedder.EclipseLogger - Copying 0 resource
2023-07-31 16:21:43,210 [Worker-127] WARN  o.e.m.c.i.embedder.EclipseLogger - Using platform encoding (Cp1252 actually) to copy filtered resources, i.e. build is platform dependent!
2023-07-31 16:21:43,211 [Worker-127] INFO  o.e.m.c.i.embedder.EclipseLogger - Copying 0 resource
2023-07-31 16:21:43,219 [Worker-127] WARN  o.e.m.c.i.embedder.EclipseLogger - Using platform encoding (Cp1252 actually) to copy filtered resources, i.e. build is platform dependent!
2023-07-31 16:21:43,220 [Worker-127] INFO  o.e.m.c.i.embedder.EclipseLogger - Copying 0 resource
2023-07-31 16:21:58,465 [Worker-127] WARN  o.e.m.c.i.embedder.EclipseLogger - Using platform encoding (Cp1252 actually) to copy filtered resources, i.e. build is platform dependent!
2023-07-31 16:21:58,465 [Worker-127] INFO  o.e.m.c.i.embedder.EclipseLogger - Copying 0 resource
2023-07-31 16:21:58,466 [Worker-127] WARN  o.e.m.c.i.embedder.EclipseLogger - Using platform encoding (Cp1252 actually) to copy filtered resources, i.e. build is platform dependent!
2023-07-31 16:21:58,466 [Worker-127] INFO  o.e.m.c.i.embedder.EclipseLogger - Copying 0 resource
2023-07-31 16:22:12,915 [Worker-126] WARN  o.e.m.c.i.embedder.EclipseLogger - Using platform encoding (Cp1252 actually) to copy filtered resources, i.e. build is platform dependent!
2023-07-31 16:22:12,915 [Worker-126] INFO  o.e.m.c.i.embedder.EclipseLogger - Copying 0 resource
2023-07-31 16:22:12,916 [Worker-126] WARN  o.e.m.c.i.embedder.EclipseLogger - Using platform encoding (Cp1252 actually) to copy filtered resources, i.e. build is platform dependent!
2023-07-31 16:22:12,916 [Worker-126] INFO  o.e.m.c.i.embedder.EclipseLogger - Copying 0 resource
2023-07-31 16:24:56,908 [Worker-125] WARN  o.e.m.c.i.embedder.EclipseLogger - Using platform encoding (Cp1252 actually) to copy filtered resources, i.e. build is platform dependent!
2023-07-31 16:24:56,908 [Worker-125] INFO  o.e.m.c.i.embedder.EclipseLogger - Copying 0 resource
2023-07-31 16:24:56,908 [Worker-125] WARN  o.e.m.c.i.embedder.EclipseLogger - Using platform encoding (Cp1252 actually) to copy filtered resources, i.e. build is platform dependent!
2023-07-31 16:24:56,908 [Worker-125] INFO  o.e.m.c.i.embedder.EclipseLogger - Copying 0 resource
2023-07-31 16:25:41,757 [Worker-126] WARN  o.e.m.c.i.embedder.EclipseLogger - Using platform encoding (Cp1252 actually) to copy filtered resources, i.e. build is platform dependent!
2023-07-31 16:25:41,757 [Worker-126] INFO  o.e.m.c.i.embedder.EclipseLogger - Copying 0 resource
2023-07-31 16:25:41,757 [Worker-126] WARN  o.e.m.c.i.embedder.EclipseLogger - Using platform encoding (Cp1252 actually) to copy filtered resources, i.e. build is platform dependent!
2023-07-31 16:25:41,757 [Worker-126] INFO  o.e.m.c.i.embedder.EclipseLogger - Copying 0 resource
2023-07-31 16:30:32,027 [Worker-115] WARN  o.e.m.c.i.embedder.EclipseLogger - Using platform encoding (Cp1252 actually) to copy filtered resources, i.e. build is platform dependent!
2023-07-31 16:30:32,074 [Worker-115] INFO  o.e.m.c.i.embedder.EclipseLogger - Copying 0 resource
2023-07-31 16:30:32,074 [Worker-115] WARN  o.e.m.c.i.embedder.EclipseLogger - Using platform encoding (Cp1252 actually) to copy filtered resources, i.e. build is platform dependent!
2023-07-31 16:30:32,074 [Worker-115] INFO  o.e.m.c.i.embedder.EclipseLogger - Copying 0 resource
2023-07-31 16:30:38,692 [Worker-128] WARN  o.e.m.c.i.embedder.EclipseLogger - Using platform encoding (Cp1252 actually) to copy filtered resources, i.e. build is platform dependent!
2023-07-31 16:30:38,692 [Worker-128] INFO  o.e.m.c.i.embedder.EclipseLogger - Copying 0 resource
2023-07-31 16:30:38,692 [Worker-128] WARN  o.e.m.c.i.embedder.EclipseLogger - Using platform encoding (Cp1252 actually) to copy filtered resources, i.e. build is platform dependent!
2023-07-31 16:30:38,692 [Worker-128] INFO  o.e.m.c.i.embedder.EclipseLogger - Copying 0 resource
2023-07-31 16:33:56,087 [Worker-115] WARN  o.e.m.c.i.embedder.EclipseLogger - Using platform encoding (Cp1252 actually) to copy filtered resources, i.e. build is platform dependent!
2023-07-31 16:33:56,087 [Worker-115] INFO  o.e.m.c.i.embedder.EclipseLogger - Copying 0 resource
2023-07-31 16:33:56,087 [Worker-115] WARN  o.e.m.c.i.embedder.EclipseLogger - Using platform encoding (Cp1252 actually) to copy filtered resources, i.e. build is platform dependent!
2023-07-31 16:33:56,087 [Worker-115] INFO  o.e.m.c.i.embedder.EclipseLogger - Copying 0 resource
2023-07-31 16:34:49,947 [Worker-125] WARN  o.e.m.c.i.embedder.EclipseLogger - Using platform encoding (Cp1252 actually) to copy filtered resources, i.e. build is platform dependent!
2023-07-31 16:34:49,947 [Worker-125] INFO  o.e.m.c.i.embedder.EclipseLogger - Copying 0 resource
2023-07-31 16:34:49,947 [Worker-125] WARN  o.e.m.c.i.embedder.EclipseLogger - Using platform encoding (Cp1252 actually) to copy filtered resources, i.e. build is platform dependent!
2023-07-31 16:34:49,963 [Worker-125] INFO  o.e.m.c.i.embedder.EclipseLogger - Copying 0 resource
2023-07-31 16:38:09,096 [Worker-132] WARN  o.e.m.c.i.embedder.EclipseLogger - Using platform encoding (Cp1252 actually) to copy filtered resources, i.e. build is platform dependent!
2023-07-31 16:38:09,096 [Worker-132] INFO  o.e.m.c.i.embedder.EclipseLogger - Copying 0 resource
2023-07-31 16:38:09,096 [Worker-132] WARN  o.e.m.c.i.embedder.EclipseLogger - Using platform encoding (Cp1252 actually) to copy filtered resources, i.e. build is platform dependent!
2023-07-31 16:38:09,096 [Worker-132] INFO  o.e.m.c.i.embedder.EclipseLogger - Copying 0 resource
2023-07-31 16:38:24,464 [Worker-133] WARN  o.e.m.c.i.embedder.EclipseLogger - Using platform encoding (Cp1252 actually) to copy filtered resources, i.e. build is platform dependent!
2023-07-31 16:38:24,464 [Worker-133] INFO  o.e.m.c.i.embedder.EclipseLogger - Copying 0 resource
2023-07-31 16:38:24,464 [Worker-133] WARN  o.e.m.c.i.embedder.EclipseLogger - Using platform encoding (Cp1252 actually) to copy filtered resources, i.e. build is platform dependent!
2023-07-31 16:38:24,464 [Worker-133] INFO  o.e.m.c.i.embedder.EclipseLogger - Copying 0 resource
2023-07-31 16:38:58,160 [Worker-132] WARN  o.e.m.c.i.embedder.EclipseLogger - Using platform encoding (Cp1252 actually) to copy filtered resources, i.e. build is platform dependent!
2023-07-31 16:38:58,333 [Worker-132] INFO  o.e.m.c.i.embedder.EclipseLogger - Copying 0 resource
2023-07-31 16:38:58,333 [Worker-132] WARN  o.e.m.c.i.embedder.EclipseLogger - Using platform encoding (Cp1252 actually) to copy filtered resources, i.e. build is platform dependent!
2023-07-31 16:38:58,333 [Worker-132] INFO  o.e.m.c.i.embedder.EclipseLogger - Copying 0 resource
2023-07-31 16:39:02,023 [Worker-115] WARN  o.e.m.c.i.embedder.EclipseLogger - Using platform encoding (Cp1252 actually) to copy filtered resources, i.e. build is platform dependent!
2023-07-31 16:39:02,023 [Worker-115] INFO  o.e.m.c.i.embedder.EclipseLogger - Copying 0 resource
2023-07-31 16:39:02,023 [Worker-115] WARN  o.e.m.c.i.embedder.EclipseLogger - Using platform encoding (Cp1252 actually) to copy filtered resources, i.e. build is platform dependent!
2023-07-31 16:39:02,023 [Worker-115] INFO  o.e.m.c.i.embedder.EclipseLogger - Copying 0 resource
2023-07-31 16:39:27,741 [Worker-128] WARN  o.e.m.c.i.embedder.EclipseLogger - Using platform encoding (Cp1252 actually) to copy filtered resources, i.e. build is platform dependent!
2023-07-31 16:39:27,741 [Worker-128] INFO  o.e.m.c.i.embedder.EclipseLogger - Copying 0 resource
2023-07-31 16:39:27,741 [Worker-128] WARN  o.e.m.c.i.embedder.EclipseLogger - Using platform encoding (Cp1252 actually) to copy filtered resources, i.e. build is platform dependent!
2023-07-31 16:39:27,741 [Worker-128] INFO  o.e.m.c.i.embedder.EclipseLogger - Copying 0 resource
2023-07-31 16:40:10,503 [Worker-132] WARN  o.e.m.c.i.embedder.EclipseLogger - Using platform encoding (Cp1252 actually) to copy filtered resources, i.e. build is platform dependent!
2023-07-31 16:40:10,503 [Worker-132] INFO  o.e.m.c.i.embedder.EclipseLogger - Copying 0 resource
2023-07-31 16:40:10,503 [Worker-132] WARN  o.e.m.c.i.embedder.EclipseLogger - Using platform encoding (Cp1252 actually) to copy filtered resources, i.e. build is platform dependent!
2023-07-31 16:40:10,503 [Worker-132] INFO  o.e.m.c.i.embedder.EclipseLogger - Copying 0 resource
2023-07-31 16:40:16,028 [Worker-128] WARN  o.e.m.c.i.embedder.EclipseLogger - Using platform encoding (Cp1252 actually) to copy filtered resources, i.e. build is platform dependent!
2023-07-31 16:40:16,028 [Worker-128] INFO  o.e.m.c.i.embedder.EclipseLogger - Copying 0 resource
2023-07-31 16:40:16,028 [Worker-128] WARN  o.e.m.c.i.embedder.EclipseLogger - Using platform encoding (Cp1252 actually) to copy filtered resources, i.e. build is platform dependent!
2023-07-31 16:40:16,028 [Worker-128] INFO  o.e.m.c.i.embedder.EclipseLogger - Copying 0 resource
2023-07-31 16:41:02,957 [Worker-134] WARN  o.e.m.c.i.embedder.EclipseLogger - Using platform encoding (Cp1252 actually) to copy filtered resources, i.e. build is platform dependent!
2023-07-31 16:41:02,957 [Worker-134] INFO  o.e.m.c.i.embedder.EclipseLogger - Copying 0 resource
2023-07-31 16:41:02,957 [Worker-134] WARN  o.e.m.c.i.embedder.EclipseLogger - Using platform encoding (Cp1252 actually) to copy filtered resources, i.e. build is platform dependent!
2023-07-31 16:41:02,972 [Worker-134] INFO  o.e.m.c.i.embedder.EclipseLogger - Copying 0 resource
2023-07-31 16:42:17,030 [Worker-115] WARN  o.e.m.c.i.embedder.EclipseLogger - Using platform encoding (Cp1252 actually) to copy filtered resources, i.e. build is platform dependent!
2023-07-31 16:42:17,030 [Worker-115] INFO  o.e.m.c.i.embedder.EclipseLogger - Copying 0 resource
2023-07-31 16:42:17,030 [Worker-115] WARN  o.e.m.c.i.embedder.EclipseLogger - Using platform encoding (Cp1252 actually) to copy filtered resources, i.e. build is platform dependent!
2023-07-31 16:42:17,030 [Worker-115] INFO  o.e.m.c.i.embedder.EclipseLogger - Copying 0 resource
2023-07-31 16:43:19,544 [Worker-132] WARN  o.e.m.c.i.embedder.EclipseLogger - Using platform encoding (Cp1252 actually) to copy filtered resources, i.e. build is platform dependent!
2023-07-31 16:43:19,544 [Worker-132] INFO  o.e.m.c.i.embedder.EclipseLogger - Copying 0 resource
2023-07-31 16:43:19,544 [Worker-132] WARN  o.e.m.c.i.embedder.EclipseLogger - Using platform encoding (Cp1252 actually) to copy filtered resources, i.e. build is platform dependent!
2023-07-31 16:43:19,544 [Worker-132] INFO  o.e.m.c.i.embedder.EclipseLogger - Copying 0 resource
2023-07-31 16:46:55,513 [Worker-128] WARN  o.e.m.c.i.embedder.EclipseLogger - Using platform encoding (Cp1252 actually) to copy filtered resources, i.e. build is platform dependent!
2023-07-31 16:46:55,513 [Worker-128] INFO  o.e.m.c.i.embedder.EclipseLogger - Copying 0 resource
2023-07-31 16:46:55,513 [Worker-128] WARN  o.e.m.c.i.embedder.EclipseLogger - Using platform encoding (Cp1252 actually) to copy filtered resources, i.e. build is platform dependent!
2023-07-31 16:46:55,513 [Worker-128] INFO  o.e.m.c.i.embedder.EclipseLogger - Copying 0 resource
2023-07-31 16:48:56,158 [Worker-117] WARN  o.e.m.c.i.embedder.EclipseLogger - Using platform encoding (Cp1252 actually) to copy filtered resources, i.e. build is platform dependent!
2023-07-31 16:48:56,158 [Worker-117] INFO  o.e.m.c.i.embedder.EclipseLogger - Copying 0 resource
2023-07-31 16:48:56,158 [Worker-117] WARN  o.e.m.c.i.embedder.EclipseLogger - Using platform encoding (Cp1252 actually) to copy filtered resources, i.e. build is platform dependent!
2023-07-31 16:48:56,158 [Worker-117] INFO  o.e.m.c.i.embedder.EclipseLogger - Copying 0 resource
2023-07-31 16:53:01,921 [Worker-128] INFO  o.e.m.c.i.l.LifecycleMappingFactory - Using org.eclipse.m2e.jdt.JarLifecycleMapping lifecycle mapping for MavenProject: devicethread-apis:devicethread-apis:0.0.1-SNAPSHOT @ D:\devicethread-automation\devicethread-apis\pom.xml.
2023-07-31 16:53:04,576 [Worker-128] WARN  o.e.m.c.i.embedder.EclipseLogger - Using platform encoding (Cp1252 actually) to copy filtered resources, i.e. build is platform dependent!
2023-07-31 16:53:04,705 [Worker-128] INFO  o.e.m.c.i.embedder.EclipseLogger - Copying 0 resource
2023-07-31 16:53:04,705 [Worker-128] WARN  o.e.m.c.i.embedder.EclipseLogger - Using platform encoding (Cp1252 actually) to copy filtered resources, i.e. build is platform dependent!
2023-07-31 16:53:04,705 [Worker-128] INFO  o.e.m.c.i.embedder.EclipseLogger - Copying 0 resource
2023-07-31 16:53:16,521 [Worker-117] INFO  o.e.m.c.i.l.LifecycleMappingFactory - Using org.eclipse.m2e.jdt.JarLifecycleMapping lifecycle mapping for MavenProject: devicethread-apis:devicethread-apis:0.0.1-SNAPSHOT @ D:\devicethread-automation\devicethread-apis\pom.xml.
2023-07-31 16:53:17,396 [Worker-117] WARN  o.e.m.c.i.embedder.EclipseLogger - Using platform encoding (Cp1252 actually) to copy filtered resources, i.e. build is platform dependent!
2023-07-31 16:53:17,396 [Worker-117] INFO  o.e.m.c.i.embedder.EclipseLogger - Copying 0 resource
2023-07-31 16:53:17,412 [Worker-117] WARN  o.e.m.c.i.embedder.EclipseLogger - Using platform encoding (Cp1252 actually) to copy filtered resources, i.e. build is platform dependent!
2023-07-31 16:53:17,412 [Worker-117] INFO  o.e.m.c.i.embedder.EclipseLogger - Copying 0 resource
2023-07-31 16:53:36,525 [Worker-125] WARN  o.e.m.c.i.embedder.EclipseLogger - Using platform encoding (Cp1252 actually) to copy filtered resources, i.e. build is platform dependent!
2023-07-31 16:53:36,525 [Worker-125] INFO  o.e.m.c.i.embedder.EclipseLogger - Copying 0 resource
2023-07-31 16:53:36,525 [Worker-125] WARN  o.e.m.c.i.embedder.EclipseLogger - Using platform encoding (Cp1252 actually) to copy filtered resources, i.e. build is platform dependent!
2023-07-31 16:53:36,525 [Worker-125] INFO  o.e.m.c.i.embedder.EclipseLogger - Copying 0 resource
2023-07-31 16:53:40,609 [Worker-125] WARN  o.e.m.c.i.embedder.EclipseLogger - Using platform encoding (Cp1252 actually) to copy filtered resources, i.e. build is platform dependent!
2023-07-31 16:53:40,611 [Worker-125] INFO  o.e.m.c.i.embedder.EclipseLogger - Copying 0 resource
2023-07-31 16:53:40,612 [Worker-125] WARN  o.e.m.c.i.embedder.EclipseLogger - Using platform encoding (Cp1252 actually) to copy filtered resources, i.e. build is platform dependent!
2023-07-31 16:53:40,613 [Worker-125] INFO  o.e.m.c.i.embedder.EclipseLogger - Copying 0 resource
2023-07-31 16:53:47,324 [Worker-117] WARN  o.e.m.c.i.embedder.EclipseLogger - Using platform encoding (Cp1252 actually) to copy filtered resources, i.e. build is platform dependent!
2023-07-31 16:53:47,324 [Worker-117] INFO  o.e.m.c.i.embedder.EclipseLogger - Copying 0 resource
2023-07-31 16:53:47,324 [Worker-117] WARN  o.e.m.c.i.embedder.EclipseLogger - Using platform encoding (Cp1252 actually) to copy filtered resources, i.e. build is platform dependent!
2023-07-31 16:53:47,324 [Worker-117] INFO  o.e.m.c.i.embedder.EclipseLogger - Copying 0 resource
2023-07-31 16:53:54,846 [Worker-128] WARN  o.e.m.c.i.embedder.EclipseLogger - Using platform encoding (Cp1252 actually) to copy filtered resources, i.e. build is platform dependent!
2023-07-31 16:53:54,846 [Worker-128] INFO  o.e.m.c.i.embedder.EclipseLogger - Copying 0 resource
2023-07-31 16:53:54,846 [Worker-128] WARN  o.e.m.c.i.embedder.EclipseLogger - Using platform encoding (Cp1252 actually) to copy filtered resources, i.e. build is platform dependent!
2023-07-31 16:53:54,846 [Worker-128] INFO  o.e.m.c.i.embedder.EclipseLogger - Copying 0 resource
2023-07-31 16:54:13,005 [Worker-138] WARN  o.e.m.c.i.embedder.EclipseLogger - Using platform encoding (Cp1252 actually) to copy filtered resources, i.e. build is platform dependent!
2023-07-31 16:54:13,005 [Worker-138] INFO  o.e.m.c.i.embedder.EclipseLogger - Copying 0 resource
2023-07-31 16:54:13,005 [Worker-138] WARN  o.e.m.c.i.embedder.EclipseLogger - Using platform encoding (Cp1252 actually) to copy filtered resources, i.e. build is platform dependent!
2023-07-31 16:54:13,005 [Worker-138] INFO  o.e.m.c.i.embedder.EclipseLogger - Copying 0 resource
2023-07-31 16:54:25,922 [Worker-137] WARN  o.e.m.c.i.embedder.EclipseLogger - Using platform encoding (Cp1252 actually) to copy filtered resources, i.e. build is platform dependent!
2023-07-31 16:54:25,922 [Worker-137] INFO  o.e.m.c.i.embedder.EclipseLogger - Copying 0 resource
2023-07-31 16:54:25,922 [Worker-137] WARN  o.e.m.c.i.embedder.EclipseLogger - Using platform encoding (Cp1252 actually) to copy filtered resources, i.e. build is platform dependent!
2023-07-31 16:54:25,922 [Worker-137] INFO  o.e.m.c.i.embedder.EclipseLogger - Copying 0 resource
2023-07-31 17:01:18,344 [Worker-137] WARN  o.e.m.c.i.embedder.EclipseLogger - Using platform encoding (Cp1252 actually) to copy filtered resources, i.e. build is platform dependent!
2023-07-31 17:01:18,391 [Worker-137] INFO  o.e.m.c.i.embedder.EclipseLogger - Copying 0 resource
2023-07-31 17:01:18,391 [Worker-137] WARN  o.e.m.c.i.embedder.EclipseLogger - Using platform encoding (Cp1252 actually) to copy filtered resources, i.e. build is platform dependent!
2023-07-31 17:01:18,391 [Worker-137] INFO  o.e.m.c.i.embedder.EclipseLogger - Copying 0 resource
2023-07-31 17:02:35,874 [Worker-139] WARN  o.e.m.c.i.embedder.EclipseLogger - Using platform encoding (Cp1252 actually) to copy filtered resources, i.e. build is platform dependent!
2023-07-31 17:02:35,874 [Worker-139] INFO  o.e.m.c.i.embedder.EclipseLogger - Copying 0 resource
2023-07-31 17:02:35,890 [Worker-139] WARN  o.e.m.c.i.embedder.EclipseLogger - Using platform encoding (Cp1252 actually) to copy filtered resources, i.e. build is platform dependent!
2023-07-31 17:02:35,890 [Worker-139] INFO  o.e.m.c.i.embedder.EclipseLogger - Copying 0 resource
2023-07-31 17:02:43,714 [Worker-136] INFO  o.e.m.c.i.p.ProjectConfigurationManager - Update started
2023-07-31 17:02:45,302 [Worker-136] INFO  o.e.m.c.i.l.LifecycleMappingFactory - Using org.eclipse.m2e.jdt.JarLifecycleMapping lifecycle mapping for MavenProject: devicethread-apis:devicethread-apis:0.0.1-SNAPSHOT @ D:\devicethread-automation\devicethread-apis\pom.xml.
2023-07-31 17:02:45,910 [Worker-136] INFO  o.e.m.j.i.AbstractJavaProjectConfigurator - Adding source folder /devicethread-apis/src/main/java
2023-07-31 17:02:45,910 [Worker-136] INFO  o.e.m.j.i.AbstractJavaProjectConfigurator - Adding resource folder /devicethread-apis/src/main/resources
2023-07-31 17:02:45,910 [Worker-136] INFO  o.e.m.j.i.AbstractJavaProjectConfigurator - Adding source folder /devicethread-apis/src/test/java
2023-07-31 17:02:45,910 [Worker-136] INFO  o.e.m.j.i.AbstractJavaProjectConfigurator - Adding resource folder /devicethread-apis/src/test/resources
2023-07-31 17:02:46,212 [Worker-136] INFO  o.e.m.c.i.p.ProjectConfigurationManager - Update completed: 2 sec
2023-07-31 17:02:46,649 [Worker-132] WARN  o.e.m.c.i.embedder.EclipseLogger - Using platform encoding (Cp1252 actually) to copy filtered resources, i.e. build is platform dependent!
2023-07-31 17:02:46,654 [Worker-132] INFO  o.e.m.c.i.embedder.EclipseLogger - Copying 0 resource
2023-07-31 17:02:46,654 [Worker-132] WARN  o.e.m.c.i.embedder.EclipseLogger - Using platform encoding (Cp1252 actually) to copy filtered resources, i.e. build is platform dependent!
2023-07-31 17:02:46,654 [Worker-132] INFO  o.e.m.c.i.embedder.EclipseLogger - Copying 0 resource
2023-07-31 17:04:09,140 [Worker-125] WARN  o.e.m.c.i.embedder.EclipseLogger - Using platform encoding (Cp1252 actually) to copy filtered resources, i.e. build is platform dependent!
2023-07-31 17:04:09,140 [Worker-125] INFO  o.e.m.c.i.embedder.EclipseLogger - Copying 0 resource
2023-07-31 17:04:09,140 [Worker-125] WARN  o.e.m.c.i.embedder.EclipseLogger - Using platform encoding (Cp1252 actually) to copy filtered resources, i.e. build is platform dependent!
2023-07-31 17:04:09,140 [Worker-125] INFO  o.e.m.c.i.embedder.EclipseLogger - Copying 0 resource
2023-07-31 17:05:44,584 [Worker-128] INFO  o.e.m.c.i.l.LifecycleMappingFactory - Using org.eclipse.m2e.jdt.JarLifecycleMapping lifecycle mapping for MavenProject: devicethread-apis:devicethread-apis:0.0.1-SNAPSHOT @ D:\devicethread-automation\devicethread-apis\pom.xml.
2023-07-31 17:05:45,864 [Worker-128] WARN  o.e.m.c.i.embedder.EclipseLogger - Using platform encoding (Cp1252 actually) to copy filtered resources, i.e. build is platform dependent!
2023-07-31 17:05:45,895 [Worker-128] INFO  o.e.m.c.i.embedder.EclipseLogger - Copying 0 resource
2023-07-31 17:05:45,895 [Worker-128] WARN  o.e.m.c.i.embedder.EclipseLogger - Using platform encoding (Cp1252 actually) to copy filtered resources, i.e. build is platform dependent!
2023-07-31 17:05:45,895 [Worker-128] INFO  o.e.m.c.i.embedder.EclipseLogger - Copying 0 resource
2023-07-31 17:05:47,651 [Worker-138] WARN  o.e.m.c.i.embedder.EclipseLogger - Using platform encoding (Cp1252 actually) to copy filtered resources, i.e. build is platform dependent!
2023-07-31 17:05:47,651 [Worker-138] INFO  o.e.m.c.i.embedder.EclipseLogger - Copying 0 resource
2023-07-31 17:05:47,651 [Worker-138] WARN  o.e.m.c.i.embedder.EclipseLogger - Using platform encoding (Cp1252 actually) to copy filtered resources, i.e. build is platform dependent!
2023-07-31 17:05:47,651 [Worker-138] INFO  o.e.m.c.i.embedder.EclipseLogger - Copying 0 resource
2023-07-31 17:05:52,464 [Worker-138] INFO  o.e.m.c.i.p.ProjectConfigurationManager - Update started
2023-07-31 17:05:52,732 [Worker-138] INFO  o.e.m.c.i.l.LifecycleMappingFactory - Using org.eclipse.m2e.jdt.JarLifecycleMapping lifecycle mapping for MavenProject: devicethread-apis:devicethread-apis:0.0.1-SNAPSHOT @ D:\devicethread-automation\devicethread-apis\pom.xml.
2023-07-31 17:05:53,634 [Worker-138] INFO  o.e.m.j.i.AbstractJavaProjectConfigurator - Adding source folder /devicethread-apis/src/main/java
2023-07-31 17:05:53,635 [Worker-138] INFO  o.e.m.j.i.AbstractJavaProjectConfigurator - Adding resource folder /devicethread-apis/src/main/resources
2023-07-31 17:05:53,635 [Worker-138] INFO  o.e.m.j.i.AbstractJavaProjectConfigurator - Adding source folder /devicethread-apis/src/test/java
2023-07-31 17:05:53,635 [Worker-138] INFO  o.e.m.j.i.AbstractJavaProjectConfigurator - Adding resource folder /devicethread-apis/src/test/resources
2023-07-31 17:05:53,876 [Worker-138] INFO  o.e.m.c.i.p.ProjectConfigurationManager - Update completed: 1 sec
2023-07-31 17:05:54,322 [Worker-138] WARN  o.e.m.c.i.embedder.EclipseLogger - Using platform encoding (Cp1252 actually) to copy filtered resources, i.e. build is platform dependent!
2023-07-31 17:05:54,322 [Worker-138] INFO  o.e.m.c.i.embedder.EclipseLogger - Copying 0 resource
2023-07-31 17:05:54,322 [Worker-138] WARN  o.e.m.c.i.embedder.EclipseLogger - Using platform encoding (Cp1252 actually) to copy filtered resources, i.e. build is platform dependent!
2023-07-31 17:05:54,322 [Worker-138] INFO  o.e.m.c.i.embedder.EclipseLogger - Copying 0 resource
2023-07-31 17:06:32,964 [Worker-138] WARN  o.e.m.c.i.embedder.EclipseLogger - Using platform encoding (Cp1252 actually) to copy filtered resources, i.e. build is platform dependent!
2023-07-31 17:06:32,964 [Worker-138] INFO  o.e.m.c.i.embedder.EclipseLogger - Copying 0 resource
2023-07-31 17:06:32,964 [Worker-138] WARN  o.e.m.c.i.embedder.EclipseLogger - Using platform encoding (Cp1252 actually) to copy filtered resources, i.e. build is platform dependent!
2023-07-31 17:06:32,964 [Worker-138] INFO  o.e.m.c.i.embedder.EclipseLogger - Copying 0 resource
2023-07-31 17:07:37,160 [Worker-134] WARN  o.e.m.c.i.embedder.EclipseLogger - Using platform encoding (Cp1252 actually) to copy filtered resources, i.e. build is platform dependent!
2023-07-31 17:07:37,160 [Worker-134] INFO  o.e.m.c.i.embedder.EclipseLogger - Copying 0 resource
2023-07-31 17:07:37,160 [Worker-134] WARN  o.e.m.c.i.embedder.EclipseLogger - Using platform encoding (Cp1252 actually) to copy filtered resources, i.e. build is platform dependent!
2023-07-31 17:07:37,160 [Worker-134] INFO  o.e.m.c.i.embedder.EclipseLogger - Copying 0 resource
2023-07-31 17:07:46,413 [Worker-136] WARN  o.e.m.c.i.embedder.EclipseLogger - Using platform encoding (Cp1252 actually) to copy filtered resources, i.e. build is platform dependent!
2023-07-31 17:07:46,413 [Worker-136] INFO  o.e.m.c.i.embedder.EclipseLogger - Copying 0 resource
2023-07-31 17:07:46,413 [Worker-136] WARN  o.e.m.c.i.embedder.EclipseLogger - Using platform encoding (Cp1252 actually) to copy filtered resources, i.e. build is platform dependent!
2023-07-31 17:07:46,413 [Worker-136] INFO  o.e.m.c.i.embedder.EclipseLogger - Copying 0 resource
2023-07-31 17:08:10,461 [Worker-134] WARN  o.e.m.c.i.embedder.EclipseLogger - Using platform encoding (Cp1252 actually) to copy filtered resources, i.e. build is platform dependent!
2023-07-31 17:08:10,461 [Worker-134] INFO  o.e.m.c.i.embedder.EclipseLogger - Copying 0 resource
2023-07-31 17:08:10,461 [Worker-134] WARN  o.e.m.c.i.embedder.EclipseLogger - Using platform encoding (Cp1252 actually) to copy filtered resources, i.e. build is platform dependent!
2023-07-31 17:08:10,461 [Worker-134] INFO  o.e.m.c.i.embedder.EclipseLogger - Copying 0 resource
2023-07-31 17:08:47,754 [Worker-128] WARN  o.e.m.c.i.embedder.EclipseLogger - Using platform encoding (Cp1252 actually) to copy filtered resources, i.e. build is platform dependent!
2023-07-31 17:08:47,754 [Worker-128] INFO  o.e.m.c.i.embedder.EclipseLogger - Copying 0 resource
2023-07-31 17:08:47,754 [Worker-128] WARN  o.e.m.c.i.embedder.EclipseLogger - Using platform encoding (Cp1252 actually) to copy filtered resources, i.e. build is platform dependent!
2023-07-31 17:08:47,754 [Worker-128] INFO  o.e.m.c.i.embedder.EclipseLogger - Copying 0 resource
2023-07-31 17:09:02,145 [Worker-134] WARN  o.e.m.c.i.embedder.EclipseLogger - Using platform encoding (Cp1252 actually) to copy filtered resources, i.e. build is platform dependent!
2023-07-31 17:09:02,145 [Worker-134] INFO  o.e.m.c.i.embedder.EclipseLogger - Copying 0 resource
2023-07-31 17:09:02,145 [Worker-134] WARN  o.e.m.c.i.embedder.EclipseLogger - Using platform encoding (Cp1252 actually) to copy filtered resources, i.e. build is platform dependent!
2023-07-31 17:09:02,145 [Worker-134] INFO  o.e.m.c.i.embedder.EclipseLogger - Copying 0 resource
2023-08-01 09:46:58,332 [Worker-2] INFO  c.g.t.t.d.PublishedGradleVersions - Gradle version information cache is up-to-date. Trying to read.
2023-08-01 15:08:30,780 [Worker-3] INFO  c.g.t.t.d.PublishedGradleVersions - Gradle version information cache is out-of-date. Trying to update.
